#-----------------------------------------------------------
# Vivado v2019.1 (64-bit)
# SW Build 2552052 on Fri May 24 14:49:42 MDT 2019
# IP Build 2548770 on Fri May 24 18:01:18 MDT 2019
# Start of session at: Tue Feb 28 09:26:14 2023
# Process ID: 17808
# Current directory: C:/Users/lokes/OneDrive/Documents/cpu_undertest_with_vga/cpu_udertest_test
# Command line: vivado.exe -gui_launcher_event rodinguilauncherevent25580 C:\Users\lokes\OneDrive\Documents\cpu_undertest_with_vga\cpu_udertest_test\cpu_udertest.xpr
# Log file: C:/Users/lokes/OneDrive/Documents/cpu_undertest_with_vga/cpu_udertest_test/vivado.log
# Journal file: C:/Users/lokes/OneDrive/Documents/cpu_undertest_with_vga/cpu_udertest_test\vivado.jou
#-----------------------------------------------------------
start_gui
open_project C:/Users/lokes/OneDrive/Documents/cpu_undertest_with_vga/cpu_udertest_test/cpu_udertest.xpr
INFO: [Project 1-313] Project file moved from 'C:/Users/lokes/OneDrive/Documents/cpu_undertest_with_vga-20230228T033048Z-001/cpu_undertest_with_vga/cpu_udertest_test' since last save.
WARNING: [Project 1-312] File not found as 'C:/Users/Videos/VLSI/F0ZMJ77IJSV3B4A/text_display/text_display.srcs/sources_1/new/ascii_rom.v'; using path 'C:/Users/lokes/Videos/VLSI/F0ZMJ77IJSV3B4A/text_display/text_display.srcs/sources_1/new/ascii_rom.v' instead.
WARNING: [Project 1-312] File not found as 'C:/Users/Videos/VLSI/F0ZMJ77IJSV3B4A/text_display/text_display.srcs/sources_1/new/ascii_test.v'; using path 'C:/Users/lokes/Videos/VLSI/F0ZMJ77IJSV3B4A/text_display/text_display.srcs/sources_1/new/ascii_test.v' instead.
WARNING: [Project 1-312] File not found as 'C:/Users/Videos/VLSI/F0ZMJ77IJSV3B4A/text_display/text_display.srcs/sources_1/new/top.v'; using path 'C:/Users/lokes/Videos/VLSI/F0ZMJ77IJSV3B4A/text_display/text_display.srcs/sources_1/new/top.v' instead.
WARNING: [Project 1-312] File not found as 'C:/Users/Videos/VLSI/F0ZMJ77IJSV3B4A/text_display/text_display.srcs/sources_1/new/vga_controller.v'; using path 'C:/Users/lokes/Videos/VLSI/F0ZMJ77IJSV3B4A/text_display/text_display.srcs/sources_1/new/vga_controller.v' instead.
Scanning sources...
Finished scanning sources
WARNING: [Project 1-312] File not found as 'C:/Users/Videos/VLSI/F0ZMJ77IJSV3B4A/text_display/text_display.srcs/sources_1/new/ascii_rom.v'; using path 'C:/Users/lokes/Videos/VLSI/F0ZMJ77IJSV3B4A/text_display/text_display.srcs/sources_1/new/ascii_rom.v' instead.
WARNING: [Project 1-312] File not found as 'C:/Users/Videos/VLSI/F0ZMJ77IJSV3B4A/text_display/text_display.srcs/sources_1/new/ascii_test.v'; using path 'C:/Users/lokes/Videos/VLSI/F0ZMJ77IJSV3B4A/text_display/text_display.srcs/sources_1/new/ascii_test.v' instead.
WARNING: [Project 1-312] File not found as 'C:/Users/Videos/VLSI/F0ZMJ77IJSV3B4A/text_display/text_display.srcs/sources_1/new/top.v'; using path 'C:/Users/lokes/Videos/VLSI/F0ZMJ77IJSV3B4A/text_display/text_display.srcs/sources_1/new/top.v' instead.
WARNING: [Project 1-312] File not found as 'C:/Users/Videos/VLSI/F0ZMJ77IJSV3B4A/text_display/text_display.srcs/sources_1/new/vga_controller.v'; using path 'C:/Users/lokes/Videos/VLSI/F0ZMJ77IJSV3B4A/text_display/text_display.srcs/sources_1/new/vga_controller.v' instead.
WARNING: [Project 1-312] File not found as 'C:/Users/Videos/VLSI/F0ZMJ77IJSV3B4A/text_display/text_display.srcs/sources_1/new/ascii_rom.v'; using path 'C:/Users/lokes/Videos/VLSI/F0ZMJ77IJSV3B4A/text_display/text_display.srcs/sources_1/new/ascii_rom.v' instead.
WARNING: [Project 1-312] File not found as 'C:/Users/Videos/VLSI/F0ZMJ77IJSV3B4A/text_display/text_display.srcs/sources_1/new/ascii_test.v'; using path 'C:/Users/lokes/Videos/VLSI/F0ZMJ77IJSV3B4A/text_display/text_display.srcs/sources_1/new/ascii_test.v' instead.
WARNING: [Project 1-312] File not found as 'C:/Users/Videos/VLSI/F0ZMJ77IJSV3B4A/text_display/text_display.srcs/sources_1/new/top.v'; using path 'C:/Users/lokes/Videos/VLSI/F0ZMJ77IJSV3B4A/text_display/text_display.srcs/sources_1/new/top.v' instead.
WARNING: [Project 1-312] File not found as 'C:/Users/Videos/VLSI/F0ZMJ77IJSV3B4A/text_display/text_display.srcs/sources_1/new/vga_controller.v'; using path 'C:/Users/lokes/Videos/VLSI/F0ZMJ77IJSV3B4A/text_display/text_display.srcs/sources_1/new/vga_controller.v' instead.
INFO: [IP_Flow 19-234] Refreshing IP repositories
INFO: [IP_Flow 19-1704] No user IP repositories specified
INFO: [IP_Flow 19-2313] Loaded Vivado IP repository 'C:/Xilinx/Vivado/2019.1/data/ip'.
update_compile_order -fileset sources_1
reset_run impl_1
launch_runs impl_1 -to_step write_bitstream -jobs 16
[Tue Feb 28 09:26:39 2023] Launched impl_1...
Run output will be captured here: C:/Users/lokes/OneDrive/Documents/cpu_undertest_with_vga/cpu_udertest_test/cpu_udertest.runs/impl_1/runme.log
open_hw
connect_hw_server
INFO: [Labtools 27-2285] Connecting to hw_server url TCP:localhost:3121
INFO: [Labtools 27-2222] Launching hw_server...
INFO: [Labtools 27-2221] Launch Output:

****** Xilinx hw_server v2019.1
  **** Build date : May 24 2019 at 15:13:31
    ** Copyright 1986-2019 Xilinx, Inc. All Rights Reserved.


open_hw_target
INFO: [Labtoolstcl 44-466] Opening hw_target localhost:3121/xilinx_tcf/Digilent/210292ABF98FA
set_property PROGRAM.FILE {C:/Users/lokes/OneDrive/Documents/cpu_undertest_with_vga/cpu_udertest_test/cpu_udertest.runs/impl_1/topmodule.bit} [get_hw_devices xc7a100t_0]
set_property PROBES.FILE {C:/Users/lokes/OneDrive/Documents/cpu_undertest_with_vga/cpu_udertest_test/cpu_udertest.runs/impl_1/topmodule.ltx} [get_hw_devices xc7a100t_0]
set_property FULL_PROBES.FILE {C:/Users/lokes/OneDrive/Documents/cpu_undertest_with_vga/cpu_udertest_test/cpu_udertest.runs/impl_1/topmodule.ltx} [get_hw_devices xc7a100t_0]
current_hw_device [get_hw_devices xc7a100t_0]
refresh_hw_device [lindex [get_hw_devices xc7a100t_0] 0]
INFO: [Labtools 27-1434] Device xc7a100t (JTAG device index = 0) is programmed with a design that has no supported debug core(s) in it.
WARNING: [Labtools 27-3361] The debug hub core was not detected.
Resolution: 
1. Make sure the clock connected to the debug hub (dbg_hub) core is a free running clock and is active.
2. Make sure the BSCAN_SWITCH_USER_MASK device property in Vivado Hardware Manager reflects the user scan chain setting in the design and refresh the device.  To determine the user scan chain setting in the design, open the implemented design and use 'get_property C_USER_SCAN_CHAIN [get_debug_cores dbg_hub]'.
For more details on setting the scan chain property, consult the Vivado Debug and Programming User Guide (UG908).
WARNING: [Labtools 27-3413] Dropping logic core with cellname:'i1/your_instance_name' at location 'uuid_D62EAAF88AEA5DC2B579AE95C60EDC9B' from probes file, since it cannot be found on the programmed device.
set_property PROBES.FILE {C:/Users/lokes/OneDrive/Documents/cpu_undertest_with_vga/cpu_udertest_test/cpu_udertest.runs/impl_1/topmodule.ltx} [get_hw_devices xc7a100t_0]
set_property FULL_PROBES.FILE {C:/Users/lokes/OneDrive/Documents/cpu_undertest_with_vga/cpu_udertest_test/cpu_udertest.runs/impl_1/topmodule.ltx} [get_hw_devices xc7a100t_0]
set_property PROGRAM.FILE {C:/Users/lokes/OneDrive/Documents/cpu_undertest_with_vga/cpu_udertest_test/cpu_udertest.runs/impl_1/topmodule.bit} [get_hw_devices xc7a100t_0]
program_hw_devices [get_hw_devices xc7a100t_0]
INFO: [Labtools 27-3164] End of startup status: HIGH
refresh_hw_device [lindex [get_hw_devices xc7a100t_0] 0]
INFO: [Labtools 27-2302] Device xc7a100t (JTAG device index = 0) is programmed with a design that has 1 ILA core(s).
display_hw_ila_data [ get_hw_ila_data hw_ila_data_1 -of_objects [get_hw_ilas -of_objects [get_hw_devices xc7a100t_0] -filter {CELL_NAME=~"i1/your_instance_name"}]]
WARNING: Simulation object i1/rom[0] was not found in the design.
WARNING: Simulation object i1/rom[1] was not found in the design.
WARNING: Simulation object i1/rom[2] was not found in the design.
WARNING: Simulation object i1/rom[3] was not found in the design.
WARNING: Simulation object i1/rom[4] was not found in the design.
WARNING: Simulation object i1/rom[5]__0 was not found in the design.
WARNING: Simulation object i1/rom[6] was not found in the design.
WARNING: Simulation object i1/rom[7] was not found in the design.
WARNING: Simulation object i1/rom[8] was not found in the design.
WARNING: Simulation object i1/rom[9] was not found in the design.
WARNING: Simulation object i1/rom[10] was not found in the design.
WARNING: Simulation object i1/rom[11] was not found in the design.
WARNING: Simulation object i1/rom[12] was not found in the design.
WARNING: Simulation object i1/rom[13] was not found in the design.
WARNING: Simulation object i1/rom[14] was not found in the design.
WARNING: Simulation object i1/rom[15]__0 was not found in the design.
WARNING: Simulation object i1/rom[16] was not found in the design.
WARNING: Simulation object i1/rom[17] was not found in the design.
WARNING: Simulation object i1/rom[18] was not found in the design.
WARNING: Simulation object i1/rom[19] was not found in the design.
run_hw_ila [get_hw_ilas -of_objects [get_hw_devices xc7a100t_0] -filter {CELL_NAME=~"i1/your_instance_name"}]
INFO: [Labtools 27-1964] The ILA core 'hw_ila_1' trigger was armed at 2023-Feb-28 09:34:11
wait_on_hw_ila [get_hw_ilas -of_objects [get_hw_devices xc7a100t_0] -filter {CELL_NAME=~"i1/your_instance_name"}]
display_hw_ila_data [upload_hw_ila_data [get_hw_ilas -of_objects [get_hw_devices xc7a100t_0] -filter {CELL_NAME=~"i1/your_instance_name"}]]
INFO: [Labtools 27-1966] The ILA core 'hw_ila_1' triggered at 2023-Feb-28 09:34:11
INFO: [Labtools 27-3304] ILA Waveform data saved to file C:/Users/lokes/OneDrive/Documents/cpu_undertest_with_vga/cpu_udertest_test/cpu_udertest.hw/backup/hw_ila_data_1.ila. Use Tcl command 'read_hw_ila_data' or Vivado File->Import->Import ILA Data menu item to import the previously saved data.
run_hw_ila [get_hw_ilas -of_objects [get_hw_devices xc7a100t_0] -filter {CELL_NAME=~"i1/your_instance_name"}]
INFO: [Labtools 27-1964] The ILA core 'hw_ila_1' trigger was armed at 2023-Feb-28 09:35:24
wait_on_hw_ila [get_hw_ilas -of_objects [get_hw_devices xc7a100t_0] -filter {CELL_NAME=~"i1/your_instance_name"}]
display_hw_ila_data [upload_hw_ila_data [get_hw_ilas -of_objects [get_hw_devices xc7a100t_0] -filter {CELL_NAME=~"i1/your_instance_name"}]]
INFO: [Labtools 27-1966] The ILA core 'hw_ila_1' triggered at 2023-Feb-28 09:35:24
INFO: [Labtools 27-3304] ILA Waveform data saved to file C:/Users/lokes/OneDrive/Documents/cpu_undertest_with_vga/cpu_udertest_test/cpu_udertest.hw/backup/hw_ila_data_1.ila. Use Tcl command 'read_hw_ila_data' or Vivado File->Import->Import ILA Data menu item to import the previously saved data.
run_hw_ila [get_hw_ilas -of_objects [get_hw_devices xc7a100t_0] -filter {CELL_NAME=~"i1/your_instance_name"}]
INFO: [Labtools 27-1964] The ILA core 'hw_ila_1' trigger was armed at 2023-Feb-28 09:36:01
wait_on_hw_ila [get_hw_ilas -of_objects [get_hw_devices xc7a100t_0] -filter {CELL_NAME=~"i1/your_instance_name"}]
display_hw_ila_data [upload_hw_ila_data [get_hw_ilas -of_objects [get_hw_devices xc7a100t_0] -filter {CELL_NAME=~"i1/your_instance_name"}]]
INFO: [Labtools 27-1966] The ILA core 'hw_ila_1' triggered at 2023-Feb-28 09:36:01
INFO: [Labtools 27-3304] ILA Waveform data saved to file C:/Users/lokes/OneDrive/Documents/cpu_undertest_with_vga/cpu_udertest_test/cpu_udertest.hw/backup/hw_ila_data_1.ila. Use Tcl command 'read_hw_ila_data' or Vivado File->Import->Import ILA Data menu item to import the previously saved data.
ERROR: [Labtoolstcl 44-513] HW Target shutdown. Closing target: localhost:3121/xilinx_tcf/Digilent/210292ABF98FA
INFO: [Labtoolstcl 44-466] Opening hw_target localhost:3121/xilinx_tcf/Digilent/210292ABF98FA
INFO: [Labtools 27-1434] Device xc7a100t (JTAG device index = 0) is programmed with a design that has no supported debug core(s) in it.
WARNING: [Labtools 27-3361] The debug hub core was not detected.
Resolution: 
1. Make sure the clock connected to the debug hub (dbg_hub) core is a free running clock and is active.
2. Make sure the BSCAN_SWITCH_USER_MASK device property in Vivado Hardware Manager reflects the user scan chain setting in the design and refresh the device.  To determine the user scan chain setting in the design, open the implemented design and use 'get_property C_USER_SCAN_CHAIN [get_debug_cores dbg_hub]'.
For more details on setting the scan chain property, consult the Vivado Debug and Programming User Guide (UG908).
WARNING: [Labtools 27-3413] Dropping logic core with cellname:'i1/your_instance_name' at location 'uuid_D62EAAF88AEA5DC2B579AE95C60EDC9B' from probes file, since it cannot be found on the programmed device.
WARNING: [Labtoolstcl 44-129] No matching hw_ila_data was found.
set_property PROBES.FILE {C:/Users/lokes/OneDrive/Documents/cpu_undertest_with_vga/cpu_udertest_test/cpu_udertest.runs/impl_1/topmodule.ltx} [get_hw_devices xc7a100t_0]
set_property FULL_PROBES.FILE {C:/Users/lokes/OneDrive/Documents/cpu_undertest_with_vga/cpu_udertest_test/cpu_udertest.runs/impl_1/topmodule.ltx} [get_hw_devices xc7a100t_0]
set_property PROGRAM.FILE {C:/Users/lokes/OneDrive/Documents/cpu_undertest_with_vga/cpu_udertest_test/cpu_udertest.runs/impl_1/topmodule.bit} [get_hw_devices xc7a100t_0]
program_hw_devices [get_hw_devices xc7a100t_0]
INFO: [Labtools 27-3164] End of startup status: HIGH
refresh_hw_device [lindex [get_hw_devices xc7a100t_0] 0]
INFO: [Labtools 27-2302] Device xc7a100t (JTAG device index = 0) is programmed with a design that has 1 ILA core(s).
display_hw_ila_data [ get_hw_ila_data hw_ila_data_1 -of_objects [get_hw_ilas -of_objects [get_hw_devices xc7a100t_0] -filter {CELL_NAME=~"i1/your_instance_name"}]]
run_hw_ila [get_hw_ilas -of_objects [get_hw_devices xc7a100t_0] -filter {CELL_NAME=~"i1/your_instance_name"}]
INFO: [Labtools 27-1964] The ILA core 'hw_ila_1' trigger was armed at 2023-Feb-28 10:08:22
wait_on_hw_ila [get_hw_ilas -of_objects [get_hw_devices xc7a100t_0] -filter {CELL_NAME=~"i1/your_instance_name"}]
display_hw_ila_data [upload_hw_ila_data [get_hw_ilas -of_objects [get_hw_devices xc7a100t_0] -filter {CELL_NAME=~"i1/your_instance_name"}]]
INFO: [Labtools 27-1966] The ILA core 'hw_ila_1' triggered at 2023-Feb-28 10:08:22
INFO: [Labtools 27-3304] ILA Waveform data saved to file C:/Users/lokes/OneDrive/Documents/cpu_undertest_with_vga/cpu_udertest_test/cpu_udertest.hw/backup/hw_ila_data_1.ila. Use Tcl command 'read_hw_ila_data' or Vivado File->Import->Import ILA Data menu item to import the previously saved data.
run_hw_ila [get_hw_ilas -of_objects [get_hw_devices xc7a100t_0] -filter {CELL_NAME=~"i1/your_instance_name"}]
INFO: [Labtools 27-1964] The ILA core 'hw_ila_1' trigger was armed at 2023-Feb-28 10:11:18
wait_on_hw_ila [get_hw_ilas -of_objects [get_hw_devices xc7a100t_0] -filter {CELL_NAME=~"i1/your_instance_name"}]
display_hw_ila_data [upload_hw_ila_data [get_hw_ilas -of_objects [get_hw_devices xc7a100t_0] -filter {CELL_NAME=~"i1/your_instance_name"}]]
INFO: [Labtools 27-1966] The ILA core 'hw_ila_1' triggered at 2023-Feb-28 10:11:18
INFO: [Labtools 27-3304] ILA Waveform data saved to file C:/Users/lokes/OneDrive/Documents/cpu_undertest_with_vga/cpu_udertest_test/cpu_udertest.hw/backup/hw_ila_data_1.ila. Use Tcl command 'read_hw_ila_data' or Vivado File->Import->Import ILA Data menu item to import the previously saved data.
run_hw_ila [get_hw_ilas -of_objects [get_hw_devices xc7a100t_0] -filter {CELL_NAME=~"i1/your_instance_name"}]
INFO: [Labtools 27-1964] The ILA core 'hw_ila_1' trigger was armed at 2023-Feb-28 10:11:54
wait_on_hw_ila [get_hw_ilas -of_objects [get_hw_devices xc7a100t_0] -filter {CELL_NAME=~"i1/your_instance_name"}]
display_hw_ila_data [upload_hw_ila_data [get_hw_ilas -of_objects [get_hw_devices xc7a100t_0] -filter {CELL_NAME=~"i1/your_instance_name"}]]
INFO: [Labtools 27-1966] The ILA core 'hw_ila_1' triggered at 2023-Feb-28 10:11:54
INFO: [Labtools 27-3304] ILA Waveform data saved to file C:/Users/lokes/OneDrive/Documents/cpu_undertest_with_vga/cpu_udertest_test/cpu_udertest.hw/backup/hw_ila_data_1.ila. Use Tcl command 'read_hw_ila_data' or Vivado File->Import->Import ILA Data menu item to import the previously saved data.
run_hw_ila [get_hw_ilas -of_objects [get_hw_devices xc7a100t_0] -filter {CELL_NAME=~"i1/your_instance_name"}]
INFO: [Labtools 27-1964] The ILA core 'hw_ila_1' trigger was armed at 2023-Feb-28 10:13:19
wait_on_hw_ila [get_hw_ilas -of_objects [get_hw_devices xc7a100t_0] -filter {CELL_NAME=~"i1/your_instance_name"}]
display_hw_ila_data [upload_hw_ila_data [get_hw_ilas -of_objects [get_hw_devices xc7a100t_0] -filter {CELL_NAME=~"i1/your_instance_name"}]]
INFO: [Labtools 27-1966] The ILA core 'hw_ila_1' triggered at 2023-Feb-28 10:13:19
INFO: [Labtools 27-3304] ILA Waveform data saved to file C:/Users/lokes/OneDrive/Documents/cpu_undertest_with_vga/cpu_udertest_test/cpu_udertest.hw/backup/hw_ila_data_1.ila. Use Tcl command 'read_hw_ila_data' or Vivado File->Import->Import ILA Data menu item to import the previously saved data.
run_hw_ila [get_hw_ilas -of_objects [get_hw_devices xc7a100t_0] -filter {CELL_NAME=~"i1/your_instance_name"}]
INFO: [Labtools 27-1964] The ILA core 'hw_ila_1' trigger was armed at 2023-Feb-28 10:14:23
wait_on_hw_ila [get_hw_ilas -of_objects [get_hw_devices xc7a100t_0] -filter {CELL_NAME=~"i1/your_instance_name"}]
display_hw_ila_data [upload_hw_ila_data [get_hw_ilas -of_objects [get_hw_devices xc7a100t_0] -filter {CELL_NAME=~"i1/your_instance_name"}]]
INFO: [Labtools 27-1966] The ILA core 'hw_ila_1' triggered at 2023-Feb-28 10:14:23
INFO: [Labtools 27-3304] ILA Waveform data saved to file C:/Users/lokes/OneDrive/Documents/cpu_undertest_with_vga/cpu_udertest_test/cpu_udertest.hw/backup/hw_ila_data_1.ila. Use Tcl command 'read_hw_ila_data' or Vivado File->Import->Import ILA Data menu item to import the previously saved data.
run_hw_ila [get_hw_ilas -of_objects [get_hw_devices xc7a100t_0] -filter {CELL_NAME=~"i1/your_instance_name"}]
INFO: [Labtools 27-1964] The ILA core 'hw_ila_1' trigger was armed at 2023-Feb-28 10:15:52
wait_on_hw_ila [get_hw_ilas -of_objects [get_hw_devices xc7a100t_0] -filter {CELL_NAME=~"i1/your_instance_name"}]
display_hw_ila_data [upload_hw_ila_data [get_hw_ilas -of_objects [get_hw_devices xc7a100t_0] -filter {CELL_NAME=~"i1/your_instance_name"}]]
INFO: [Labtools 27-1966] The ILA core 'hw_ila_1' triggered at 2023-Feb-28 10:15:52
INFO: [Labtools 27-3304] ILA Waveform data saved to file C:/Users/lokes/OneDrive/Documents/cpu_undertest_with_vga/cpu_udertest_test/cpu_udertest.hw/backup/hw_ila_data_1.ila. Use Tcl command 'read_hw_ila_data' or Vivado File->Import->Import ILA Data menu item to import the previously saved data.
run_hw_ila [get_hw_ilas -of_objects [get_hw_devices xc7a100t_0] -filter {CELL_NAME=~"i1/your_instance_name"}]
INFO: [Labtools 27-1964] The ILA core 'hw_ila_1' trigger was armed at 2023-Feb-28 10:16:28
wait_on_hw_ila [get_hw_ilas -of_objects [get_hw_devices xc7a100t_0] -filter {CELL_NAME=~"i1/your_instance_name"}]
display_hw_ila_data [upload_hw_ila_data [get_hw_ilas -of_objects [get_hw_devices xc7a100t_0] -filter {CELL_NAME=~"i1/your_instance_name"}]]
INFO: [Labtools 27-1966] The ILA core 'hw_ila_1' triggered at 2023-Feb-28 10:16:28
INFO: [Labtools 27-3304] ILA Waveform data saved to file C:/Users/lokes/OneDrive/Documents/cpu_undertest_with_vga/cpu_udertest_test/cpu_udertest.hw/backup/hw_ila_data_1.ila. Use Tcl command 'read_hw_ila_data' or Vivado File->Import->Import ILA Data menu item to import the previously saved data.
run_hw_ila [get_hw_ilas -of_objects [get_hw_devices xc7a100t_0] -filter {CELL_NAME=~"i1/your_instance_name"}]
INFO: [Labtools 27-1964] The ILA core 'hw_ila_1' trigger was armed at 2023-Feb-28 10:16:45
wait_on_hw_ila [get_hw_ilas -of_objects [get_hw_devices xc7a100t_0] -filter {CELL_NAME=~"i1/your_instance_name"}]
display_hw_ila_data [upload_hw_ila_data [get_hw_ilas -of_objects [get_hw_devices xc7a100t_0] -filter {CELL_NAME=~"i1/your_instance_name"}]]
INFO: [Labtools 27-1966] The ILA core 'hw_ila_1' triggered at 2023-Feb-28 10:16:45
INFO: [Labtools 27-3304] ILA Waveform data saved to file C:/Users/lokes/OneDrive/Documents/cpu_undertest_with_vga/cpu_udertest_test/cpu_udertest.hw/backup/hw_ila_data_1.ila. Use Tcl command 'read_hw_ila_data' or Vivado File->Import->Import ILA Data menu item to import the previously saved data.
run_hw_ila [get_hw_ilas -of_objects [get_hw_devices xc7a100t_0] -filter {CELL_NAME=~"i1/your_instance_name"}]
INFO: [Labtools 27-1964] The ILA core 'hw_ila_1' trigger was armed at 2023-Feb-28 10:16:50
wait_on_hw_ila [get_hw_ilas -of_objects [get_hw_devices xc7a100t_0] -filter {CELL_NAME=~"i1/your_instance_name"}]
display_hw_ila_data [upload_hw_ila_data [get_hw_ilas -of_objects [get_hw_devices xc7a100t_0] -filter {CELL_NAME=~"i1/your_instance_name"}]]
INFO: [Labtools 27-1966] The ILA core 'hw_ila_1' triggered at 2023-Feb-28 10:16:50
INFO: [Labtools 27-3304] ILA Waveform data saved to file C:/Users/lokes/OneDrive/Documents/cpu_undertest_with_vga/cpu_udertest_test/cpu_udertest.hw/backup/hw_ila_data_1.ila. Use Tcl command 'read_hw_ila_data' or Vivado File->Import->Import ILA Data menu item to import the previously saved data.
run_hw_ila [get_hw_ilas -of_objects [get_hw_devices xc7a100t_0] -filter {CELL_NAME=~"i1/your_instance_name"}]
INFO: [Labtools 27-1964] The ILA core 'hw_ila_1' trigger was armed at 2023-Feb-28 10:17:05
wait_on_hw_ila [get_hw_ilas -of_objects [get_hw_devices xc7a100t_0] -filter {CELL_NAME=~"i1/your_instance_name"}]
display_hw_ila_data [upload_hw_ila_data [get_hw_ilas -of_objects [get_hw_devices xc7a100t_0] -filter {CELL_NAME=~"i1/your_instance_name"}]]
INFO: [Labtools 27-1966] The ILA core 'hw_ila_1' triggered at 2023-Feb-28 10:17:05
INFO: [Labtools 27-3304] ILA Waveform data saved to file C:/Users/lokes/OneDrive/Documents/cpu_undertest_with_vga/cpu_udertest_test/cpu_udertest.hw/backup/hw_ila_data_1.ila. Use Tcl command 'read_hw_ila_data' or Vivado File->Import->Import ILA Data menu item to import the previously saved data.
run_hw_ila [get_hw_ilas -of_objects [get_hw_devices xc7a100t_0] -filter {CELL_NAME=~"i1/your_instance_name"}]
INFO: [Labtools 27-1964] The ILA core 'hw_ila_1' trigger was armed at 2023-Feb-28 10:17:08
wait_on_hw_ila [get_hw_ilas -of_objects [get_hw_devices xc7a100t_0] -filter {CELL_NAME=~"i1/your_instance_name"}]
display_hw_ila_data [upload_hw_ila_data [get_hw_ilas -of_objects [get_hw_devices xc7a100t_0] -filter {CELL_NAME=~"i1/your_instance_name"}]]
INFO: [Labtools 27-1966] The ILA core 'hw_ila_1' triggered at 2023-Feb-28 10:17:08
INFO: [Labtools 27-3304] ILA Waveform data saved to file C:/Users/lokes/OneDrive/Documents/cpu_undertest_with_vga/cpu_udertest_test/cpu_udertest.hw/backup/hw_ila_data_1.ila. Use Tcl command 'read_hw_ila_data' or Vivado File->Import->Import ILA Data menu item to import the previously saved data.
run_hw_ila [get_hw_ilas -of_objects [get_hw_devices xc7a100t_0] -filter {CELL_NAME=~"i1/your_instance_name"}]
INFO: [Labtools 27-1964] The ILA core 'hw_ila_1' trigger was armed at 2023-Feb-28 10:17:10
wait_on_hw_ila [get_hw_ilas -of_objects [get_hw_devices xc7a100t_0] -filter {CELL_NAME=~"i1/your_instance_name"}]
display_hw_ila_data [upload_hw_ila_data [get_hw_ilas -of_objects [get_hw_devices xc7a100t_0] -filter {CELL_NAME=~"i1/your_instance_name"}]]
INFO: [Labtools 27-1966] The ILA core 'hw_ila_1' triggered at 2023-Feb-28 10:17:10
INFO: [Labtools 27-3304] ILA Waveform data saved to file C:/Users/lokes/OneDrive/Documents/cpu_undertest_with_vga/cpu_udertest_test/cpu_udertest.hw/backup/hw_ila_data_1.ila. Use Tcl command 'read_hw_ila_data' or Vivado File->Import->Import ILA Data menu item to import the previously saved data.
run_hw_ila [get_hw_ilas -of_objects [get_hw_devices xc7a100t_0] -filter {CELL_NAME=~"i1/your_instance_name"}]
INFO: [Labtools 27-1964] The ILA core 'hw_ila_1' trigger was armed at 2023-Feb-28 10:17:39
wait_on_hw_ila [get_hw_ilas -of_objects [get_hw_devices xc7a100t_0] -filter {CELL_NAME=~"i1/your_instance_name"}]
display_hw_ila_data [upload_hw_ila_data [get_hw_ilas -of_objects [get_hw_devices xc7a100t_0] -filter {CELL_NAME=~"i1/your_instance_name"}]]
INFO: [Labtools 27-1966] The ILA core 'hw_ila_1' triggered at 2023-Feb-28 10:17:39
INFO: [Labtools 27-3304] ILA Waveform data saved to file C:/Users/lokes/OneDrive/Documents/cpu_undertest_with_vga/cpu_udertest_test/cpu_udertest.hw/backup/hw_ila_data_1.ila. Use Tcl command 'read_hw_ila_data' or Vivado File->Import->Import ILA Data menu item to import the previously saved data.
reset_run synth_1
launch_runs impl_1 -to_step write_bitstream -jobs 16
[Tue Feb 28 10:21:25 2023] Launched synth_1...
Run output will be captured here: C:/Users/lokes/OneDrive/Documents/cpu_undertest_with_vga/cpu_udertest_test/cpu_udertest.runs/synth_1/runme.log
[Tue Feb 28 10:21:25 2023] Launched impl_1...
Run output will be captured here: C:/Users/lokes/OneDrive/Documents/cpu_undertest_with_vga/cpu_udertest_test/cpu_udertest.runs/impl_1/runme.log
ERROR: [Labtoolstcl 44-513] HW Target shutdown. Closing target: localhost:3121/xilinx_tcf/Digilent/210292ABF98FA
INFO: [Labtoolstcl 44-466] Opening hw_target localhost:3121/xilinx_tcf/Digilent/210292ABF98FA
INFO: [Labtools 27-1435] Device xc7a100t (JTAG device index = 0) is not programmed (DONE status = 0).
WARNING: [Labtoolstcl 44-129] No matching hw_ila_data was found.
set_property PROBES.FILE {C:/Users/lokes/OneDrive/Documents/cpu_undertest_with_vga/cpu_udertest_test/cpu_udertest.runs/impl_1/topmodule.ltx} [get_hw_devices xc7a100t_0]
set_property FULL_PROBES.FILE {C:/Users/lokes/OneDrive/Documents/cpu_undertest_with_vga/cpu_udertest_test/cpu_udertest.runs/impl_1/topmodule.ltx} [get_hw_devices xc7a100t_0]
set_property PROGRAM.FILE {C:/Users/lokes/OneDrive/Documents/cpu_undertest_with_vga/cpu_udertest_test/cpu_udertest.runs/impl_1/topmodule.bit} [get_hw_devices xc7a100t_0]
program_hw_devices [get_hw_devices xc7a100t_0]
INFO: [Labtools 27-3164] End of startup status: HIGH
refresh_hw_device [lindex [get_hw_devices xc7a100t_0] 0]
INFO: [Labtools 27-2302] Device xc7a100t (JTAG device index = 0) is programmed with a design that has 2 ILA core(s).
display_hw_ila_data [ get_hw_ila_data hw_ila_data_1 -of_objects [get_hw_ilas -of_objects [get_hw_devices xc7a100t_0] -filter {CELL_NAME=~"i1/your_instance_name"}]]
display_hw_ila_data [ get_hw_ila_data hw_ila_data_2 -of_objects [get_hw_ilas -of_objects [get_hw_devices xc7a100t_0] -filter {CELL_NAME=~"t1/your_instance_name1"}]]
WARNING: Simulation object t1/ss/op1 was not found in the design.
WARNING: Simulation object t1/ss/op2 was not found in the design.
WARNING: Simulation object t1/ss/prog1 was not found in the design.
run_hw_ila [get_hw_ilas -of_objects [get_hw_devices xc7a100t_0] -filter {CELL_NAME=~"t1/your_instance_name1"}]
INFO: [Labtools 27-1964] The ILA core 'hw_ila_2' trigger was armed at 2023-Feb-28 10:26:55
wait_on_hw_ila [get_hw_ilas -of_objects [get_hw_devices xc7a100t_0] -filter {CELL_NAME=~"t1/your_instance_name1"}]
display_hw_ila_data [upload_hw_ila_data [get_hw_ilas -of_objects [get_hw_devices xc7a100t_0] -filter {CELL_NAME=~"t1/your_instance_name1"}]]
INFO: [Labtools 27-1966] The ILA core 'hw_ila_2' triggered at 2023-Feb-28 10:26:55
INFO: [Labtools 27-3304] ILA Waveform data saved to file C:/Users/lokes/OneDrive/Documents/cpu_undertest_with_vga/cpu_udertest_test/cpu_udertest.hw/backup/hw_ila_data_2.ila. Use Tcl command 'read_hw_ila_data' or Vivado File->Import->Import ILA Data menu item to import the previously saved data.
run_hw_ila [get_hw_ilas -of_objects [get_hw_devices xc7a100t_0] -filter {CELL_NAME=~"t1/your_instance_name1"}]
INFO: [Labtools 27-1964] The ILA core 'hw_ila_2' trigger was armed at 2023-Feb-28 10:27:32
wait_on_hw_ila [get_hw_ilas -of_objects [get_hw_devices xc7a100t_0] -filter {CELL_NAME=~"t1/your_instance_name1"}]
display_hw_ila_data [upload_hw_ila_data [get_hw_ilas -of_objects [get_hw_devices xc7a100t_0] -filter {CELL_NAME=~"t1/your_instance_name1"}]]
INFO: [Labtools 27-1966] The ILA core 'hw_ila_2' triggered at 2023-Feb-28 10:27:32
INFO: [Labtools 27-3304] ILA Waveform data saved to file C:/Users/lokes/OneDrive/Documents/cpu_undertest_with_vga/cpu_udertest_test/cpu_udertest.hw/backup/hw_ila_data_2.ila. Use Tcl command 'read_hw_ila_data' or Vivado File->Import->Import ILA Data menu item to import the previously saved data.
add_wave -into {hw_ila_data_2.wcfg} -radix hex { {t1/op1} {t1/op2} {t1/out} }
add_wave -into {hw_ila_data_1.wcfg} -radix hex { {i1/sel} }
run_hw_ila [get_hw_ilas -of_objects [get_hw_devices xc7a100t_0] -filter {CELL_NAME=~"i1/your_instance_name"}]
INFO: [Labtools 27-1964] The ILA core 'hw_ila_1' trigger was armed at 2023-Feb-28 10:28:11
wait_on_hw_ila [get_hw_ilas -of_objects [get_hw_devices xc7a100t_0] -filter {CELL_NAME=~"i1/your_instance_name"}]
display_hw_ila_data [upload_hw_ila_data [get_hw_ilas -of_objects [get_hw_devices xc7a100t_0] -filter {CELL_NAME=~"i1/your_instance_name"}]]
INFO: [Labtools 27-1966] The ILA core 'hw_ila_1' triggered at 2023-Feb-28 10:28:11
INFO: [Labtools 27-3304] ILA Waveform data saved to file C:/Users/lokes/OneDrive/Documents/cpu_undertest_with_vga/cpu_udertest_test/cpu_udertest.hw/backup/hw_ila_data_1.ila. Use Tcl command 'read_hw_ila_data' or Vivado File->Import->Import ILA Data menu item to import the previously saved data.
run_hw_ila [get_hw_ilas -of_objects [get_hw_devices xc7a100t_0] -filter {CELL_NAME=~"t1/your_instance_name1"}]
INFO: [Labtools 27-1964] The ILA core 'hw_ila_2' trigger was armed at 2023-Feb-28 10:29:28
wait_on_hw_ila [get_hw_ilas -of_objects [get_hw_devices xc7a100t_0] -filter {CELL_NAME=~"t1/your_instance_name1"}]
display_hw_ila_data [upload_hw_ila_data [get_hw_ilas -of_objects [get_hw_devices xc7a100t_0] -filter {CELL_NAME=~"t1/your_instance_name1"}]]
INFO: [Labtools 27-1966] The ILA core 'hw_ila_2' triggered at 2023-Feb-28 10:29:28
INFO: [Labtools 27-3304] ILA Waveform data saved to file C:/Users/lokes/OneDrive/Documents/cpu_undertest_with_vga/cpu_udertest_test/cpu_udertest.hw/backup/hw_ila_data_2.ila. Use Tcl command 'read_hw_ila_data' or Vivado File->Import->Import ILA Data menu item to import the previously saved data.
run_hw_ila [get_hw_ilas -of_objects [get_hw_devices xc7a100t_0] -filter {CELL_NAME=~"i1/your_instance_name"}]
INFO: [Labtools 27-1964] The ILA core 'hw_ila_1' trigger was armed at 2023-Feb-28 10:29:37
wait_on_hw_ila [get_hw_ilas -of_objects [get_hw_devices xc7a100t_0] -filter {CELL_NAME=~"i1/your_instance_name"}]
display_hw_ila_data [upload_hw_ila_data [get_hw_ilas -of_objects [get_hw_devices xc7a100t_0] -filter {CELL_NAME=~"i1/your_instance_name"}]]
INFO: [Labtools 27-1966] The ILA core 'hw_ila_1' triggered at 2023-Feb-28 10:29:37
INFO: [Labtools 27-3304] ILA Waveform data saved to file C:/Users/lokes/OneDrive/Documents/cpu_undertest_with_vga/cpu_udertest_test/cpu_udertest.hw/backup/hw_ila_data_1.ila. Use Tcl command 'read_hw_ila_data' or Vivado File->Import->Import ILA Data menu item to import the previously saved data.
run_hw_ila [get_hw_ilas -of_objects [get_hw_devices xc7a100t_0] -filter {CELL_NAME=~"i1/your_instance_name"}]
INFO: [Labtools 27-1964] The ILA core 'hw_ila_1' trigger was armed at 2023-Feb-28 10:30:38
wait_on_hw_ila [get_hw_ilas -of_objects [get_hw_devices xc7a100t_0] -filter {CELL_NAME=~"i1/your_instance_name"}]
display_hw_ila_data [upload_hw_ila_data [get_hw_ilas -of_objects [get_hw_devices xc7a100t_0] -filter {CELL_NAME=~"i1/your_instance_name"}]]
INFO: [Labtools 27-1966] The ILA core 'hw_ila_1' triggered at 2023-Feb-28 10:30:38
INFO: [Labtools 27-3304] ILA Waveform data saved to file C:/Users/lokes/OneDrive/Documents/cpu_undertest_with_vga/cpu_udertest_test/cpu_udertest.hw/backup/hw_ila_data_1.ila. Use Tcl command 'read_hw_ila_data' or Vivado File->Import->Import ILA Data menu item to import the previously saved data.
run_hw_ila [get_hw_ilas -of_objects [get_hw_devices xc7a100t_0] -filter {CELL_NAME=~"i1/your_instance_name"}]
INFO: [Labtools 27-1964] The ILA core 'hw_ila_1' trigger was armed at 2023-Feb-28 10:30:41
wait_on_hw_ila [get_hw_ilas -of_objects [get_hw_devices xc7a100t_0] -filter {CELL_NAME=~"i1/your_instance_name"}]
display_hw_ila_data [upload_hw_ila_data [get_hw_ilas -of_objects [get_hw_devices xc7a100t_0] -filter {CELL_NAME=~"i1/your_instance_name"}]]
INFO: [Labtools 27-1966] The ILA core 'hw_ila_1' triggered at 2023-Feb-28 10:30:41
INFO: [Labtools 27-3304] ILA Waveform data saved to file C:/Users/lokes/OneDrive/Documents/cpu_undertest_with_vga/cpu_udertest_test/cpu_udertest.hw/backup/hw_ila_data_1.ila. Use Tcl command 'read_hw_ila_data' or Vivado File->Import->Import ILA Data menu item to import the previously saved data.
run_hw_ila [get_hw_ilas -of_objects [get_hw_devices xc7a100t_0] -filter {CELL_NAME=~"t1/your_instance_name1"}]
INFO: [Labtools 27-1964] The ILA core 'hw_ila_2' trigger was armed at 2023-Feb-28 10:30:48
wait_on_hw_ila [get_hw_ilas -of_objects [get_hw_devices xc7a100t_0] -filter {CELL_NAME=~"t1/your_instance_name1"}]
display_hw_ila_data [upload_hw_ila_data [get_hw_ilas -of_objects [get_hw_devices xc7a100t_0] -filter {CELL_NAME=~"t1/your_instance_name1"}]]
INFO: [Labtools 27-1966] The ILA core 'hw_ila_2' triggered at 2023-Feb-28 10:30:48
INFO: [Labtools 27-3304] ILA Waveform data saved to file C:/Users/lokes/OneDrive/Documents/cpu_undertest_with_vga/cpu_udertest_test/cpu_udertest.hw/backup/hw_ila_data_2.ila. Use Tcl command 'read_hw_ila_data' or Vivado File->Import->Import ILA Data menu item to import the previously saved data.
ERROR: [Labtoolstcl 44-513] HW Target shutdown. Closing target: localhost:3121/xilinx_tcf/Digilent/210292ABF98FA
close [ open C:/Users/lokes/OneDrive/Documents/cpu_undertest_with_vga/cpu_udertest_test/cpu_udertest.srcs/sources_1/new/bin2hex.v w ]
add_files C:/Users/lokes/OneDrive/Documents/cpu_undertest_with_vga/cpu_udertest_test/cpu_udertest.srcs/sources_1/new/bin2hex.v
update_compile_order -fileset sources_1
update_compile_order -fileset sources_1
reset_run synth_1
launch_runs impl_1 -to_step write_bitstream -jobs 16
[Tue Feb 28 11:09:08 2023] Launched synth_1...
Run output will be captured here: C:/Users/lokes/OneDrive/Documents/cpu_undertest_with_vga/cpu_udertest_test/cpu_udertest.runs/synth_1/runme.log
[Tue Feb 28 11:09:08 2023] Launched impl_1...
Run output will be captured here: C:/Users/lokes/OneDrive/Documents/cpu_undertest_with_vga/cpu_udertest_test/cpu_udertest.runs/impl_1/runme.log
INFO: [Labtoolstcl 44-466] Opening hw_target localhost:3121/xilinx_tcf/Digilent/210292ABF98FA
INFO: [Labtools 27-1435] Device xc7a100t (JTAG device index = 0) is not programmed (DONE status = 0).
WARNING: [Labtoolstcl 44-129] No matching hw_ila_data was found.
set_property PROBES.FILE {C:/Users/lokes/OneDrive/Documents/cpu_undertest_with_vga/cpu_udertest_test/cpu_udertest.runs/impl_1/topmodule.ltx} [get_hw_devices xc7a100t_0]
set_property FULL_PROBES.FILE {C:/Users/lokes/OneDrive/Documents/cpu_undertest_with_vga/cpu_udertest_test/cpu_udertest.runs/impl_1/topmodule.ltx} [get_hw_devices xc7a100t_0]
set_property PROGRAM.FILE {C:/Users/lokes/OneDrive/Documents/cpu_undertest_with_vga/cpu_udertest_test/cpu_udertest.runs/impl_1/topmodule.bit} [get_hw_devices xc7a100t_0]
program_hw_devices [get_hw_devices xc7a100t_0]
INFO: [Labtools 27-3164] End of startup status: HIGH
refresh_hw_device [lindex [get_hw_devices xc7a100t_0] 0]
INFO: [Labtools 27-2302] Device xc7a100t (JTAG device index = 0) is programmed with a design that has 2 ILA core(s).
display_hw_ila_data [ get_hw_ila_data hw_ila_data_1 -of_objects [get_hw_ilas -of_objects [get_hw_devices xc7a100t_0] -filter {CELL_NAME=~"i1/your_instance_name"}]]
display_hw_ila_data [ get_hw_ila_data hw_ila_data_2 -of_objects [get_hw_ilas -of_objects [get_hw_devices xc7a100t_0] -filter {CELL_NAME=~"t1/your_instance_name1"}]]
run_hw_ila [get_hw_ilas -of_objects [get_hw_devices xc7a100t_0] -filter {CELL_NAME=~"i1/your_instance_name"}]
INFO: [Labtools 27-1964] The ILA core 'hw_ila_1' trigger was armed at 2023-Feb-28 11:18:10
wait_on_hw_ila [get_hw_ilas -of_objects [get_hw_devices xc7a100t_0] -filter {CELL_NAME=~"i1/your_instance_name"}]
display_hw_ila_data [upload_hw_ila_data [get_hw_ilas -of_objects [get_hw_devices xc7a100t_0] -filter {CELL_NAME=~"i1/your_instance_name"}]]
INFO: [Labtools 27-1966] The ILA core 'hw_ila_1' triggered at 2023-Feb-28 11:18:10
INFO: [Labtools 27-3304] ILA Waveform data saved to file C:/Users/lokes/OneDrive/Documents/cpu_undertest_with_vga/cpu_udertest_test/cpu_udertest.hw/backup/hw_ila_data_1.ila. Use Tcl command 'read_hw_ila_data' or Vivado File->Import->Import ILA Data menu item to import the previously saved data.
run_hw_ila [get_hw_ilas -of_objects [get_hw_devices xc7a100t_0] -filter {CELL_NAME=~"t1/your_instance_name1"}]
INFO: [Labtools 27-1964] The ILA core 'hw_ila_2' trigger was armed at 2023-Feb-28 11:18:15
wait_on_hw_ila [get_hw_ilas -of_objects [get_hw_devices xc7a100t_0] -filter {CELL_NAME=~"t1/your_instance_name1"}]
display_hw_ila_data [upload_hw_ila_data [get_hw_ilas -of_objects [get_hw_devices xc7a100t_0] -filter {CELL_NAME=~"t1/your_instance_name1"}]]
INFO: [Labtools 27-1966] The ILA core 'hw_ila_2' triggered at 2023-Feb-28 11:18:15
INFO: [Labtools 27-3304] ILA Waveform data saved to file C:/Users/lokes/OneDrive/Documents/cpu_undertest_with_vga/cpu_udertest_test/cpu_udertest.hw/backup/hw_ila_data_2.ila. Use Tcl command 'read_hw_ila_data' or Vivado File->Import->Import ILA Data menu item to import the previously saved data.
run_hw_ila [get_hw_ilas -of_objects [get_hw_devices xc7a100t_0] -filter {CELL_NAME=~"t1/your_instance_name1"}]
INFO: [Labtools 27-1964] The ILA core 'hw_ila_2' trigger was armed at 2023-Feb-28 11:18:46
wait_on_hw_ila [get_hw_ilas -of_objects [get_hw_devices xc7a100t_0] -filter {CELL_NAME=~"t1/your_instance_name1"}]
display_hw_ila_data [upload_hw_ila_data [get_hw_ilas -of_objects [get_hw_devices xc7a100t_0] -filter {CELL_NAME=~"t1/your_instance_name1"}]]
INFO: [Labtools 27-1966] The ILA core 'hw_ila_2' triggered at 2023-Feb-28 11:18:46
INFO: [Labtools 27-3304] ILA Waveform data saved to file C:/Users/lokes/OneDrive/Documents/cpu_undertest_with_vga/cpu_udertest_test/cpu_udertest.hw/backup/hw_ila_data_2.ila. Use Tcl command 'read_hw_ila_data' or Vivado File->Import->Import ILA Data menu item to import the previously saved data.
run_hw_ila [get_hw_ilas -of_objects [get_hw_devices xc7a100t_0] -filter {CELL_NAME=~"i1/your_instance_name"}]
INFO: [Labtools 27-1964] The ILA core 'hw_ila_1' trigger was armed at 2023-Feb-28 11:18:53
wait_on_hw_ila [get_hw_ilas -of_objects [get_hw_devices xc7a100t_0] -filter {CELL_NAME=~"i1/your_instance_name"}]
display_hw_ila_data [upload_hw_ila_data [get_hw_ilas -of_objects [get_hw_devices xc7a100t_0] -filter {CELL_NAME=~"i1/your_instance_name"}]]
INFO: [Labtools 27-1966] The ILA core 'hw_ila_1' triggered at 2023-Feb-28 11:18:53
INFO: [Labtools 27-3304] ILA Waveform data saved to file C:/Users/lokes/OneDrive/Documents/cpu_undertest_with_vga/cpu_udertest_test/cpu_udertest.hw/backup/hw_ila_data_1.ila. Use Tcl command 'read_hw_ila_data' or Vivado File->Import->Import ILA Data menu item to import the previously saved data.
run_hw_ila [get_hw_ilas -of_objects [get_hw_devices xc7a100t_0] -filter {CELL_NAME=~"i1/your_instance_name"}]
INFO: [Labtools 27-1964] The ILA core 'hw_ila_1' trigger was armed at 2023-Feb-28 11:19:14
wait_on_hw_ila [get_hw_ilas -of_objects [get_hw_devices xc7a100t_0] -filter {CELL_NAME=~"i1/your_instance_name"}]
display_hw_ila_data [upload_hw_ila_data [get_hw_ilas -of_objects [get_hw_devices xc7a100t_0] -filter {CELL_NAME=~"i1/your_instance_name"}]]
INFO: [Labtools 27-1966] The ILA core 'hw_ila_1' triggered at 2023-Feb-28 11:19:14
INFO: [Labtools 27-3304] ILA Waveform data saved to file C:/Users/lokes/OneDrive/Documents/cpu_undertest_with_vga/cpu_udertest_test/cpu_udertest.hw/backup/hw_ila_data_1.ila. Use Tcl command 'read_hw_ila_data' or Vivado File->Import->Import ILA Data menu item to import the previously saved data.
run_hw_ila [get_hw_ilas -of_objects [get_hw_devices xc7a100t_0] -filter {CELL_NAME=~"t1/your_instance_name1"}]
INFO: [Labtools 27-1964] The ILA core 'hw_ila_2' trigger was armed at 2023-Feb-28 11:19:24
wait_on_hw_ila [get_hw_ilas -of_objects [get_hw_devices xc7a100t_0] -filter {CELL_NAME=~"t1/your_instance_name1"}]
display_hw_ila_data [upload_hw_ila_data [get_hw_ilas -of_objects [get_hw_devices xc7a100t_0] -filter {CELL_NAME=~"t1/your_instance_name1"}]]
INFO: [Labtools 27-1966] The ILA core 'hw_ila_2' triggered at 2023-Feb-28 11:19:24
INFO: [Labtools 27-3304] ILA Waveform data saved to file C:/Users/lokes/OneDrive/Documents/cpu_undertest_with_vga/cpu_udertest_test/cpu_udertest.hw/backup/hw_ila_data_2.ila. Use Tcl command 'read_hw_ila_data' or Vivado File->Import->Import ILA Data menu item to import the previously saved data.
run_hw_ila [get_hw_ilas -of_objects [get_hw_devices xc7a100t_0] -filter {CELL_NAME=~"t1/your_instance_name1"}]
INFO: [Labtools 27-1964] The ILA core 'hw_ila_2' trigger was armed at 2023-Feb-28 11:20:33
wait_on_hw_ila [get_hw_ilas -of_objects [get_hw_devices xc7a100t_0] -filter {CELL_NAME=~"t1/your_instance_name1"}]
display_hw_ila_data [upload_hw_ila_data [get_hw_ilas -of_objects [get_hw_devices xc7a100t_0] -filter {CELL_NAME=~"t1/your_instance_name1"}]]
INFO: [Labtools 27-1966] The ILA core 'hw_ila_2' triggered at 2023-Feb-28 11:20:33
INFO: [Labtools 27-3304] ILA Waveform data saved to file C:/Users/lokes/OneDrive/Documents/cpu_undertest_with_vga/cpu_udertest_test/cpu_udertest.hw/backup/hw_ila_data_2.ila. Use Tcl command 'read_hw_ila_data' or Vivado File->Import->Import ILA Data menu item to import the previously saved data.
ERROR: [Labtoolstcl 44-513] HW Target shutdown. Closing target: localhost:3121/xilinx_tcf/Digilent/210292ABF98FA
reset_run synth_1
launch_runs impl_1 -jobs 16
[Tue Feb 28 11:49:11 2023] Launched synth_1...
Run output will be captured here: C:/Users/lokes/OneDrive/Documents/cpu_undertest_with_vga/cpu_udertest_test/cpu_udertest.runs/synth_1/runme.log
[Tue Feb 28 11:49:11 2023] Launched impl_1...
Run output will be captured here: C:/Users/lokes/OneDrive/Documents/cpu_undertest_with_vga/cpu_udertest_test/cpu_udertest.runs/impl_1/runme.log
reset_run synth_1
launch_runs impl_1 -jobs 16
[Tue Feb 28 12:36:55 2023] Launched synth_1...
Run output will be captured here: C:/Users/lokes/OneDrive/Documents/cpu_undertest_with_vga/cpu_udertest_test/cpu_udertest.runs/synth_1/runme.log
[Tue Feb 28 12:36:55 2023] Launched impl_1...
Run output will be captured here: C:/Users/lokes/OneDrive/Documents/cpu_undertest_with_vga/cpu_udertest_test/cpu_udertest.runs/impl_1/runme.log
launch_runs impl_1 -to_step write_bitstream -jobs 16
[Tue Feb 28 12:44:13 2023] Launched impl_1...
Run output will be captured here: C:/Users/lokes/OneDrive/Documents/cpu_undertest_with_vga/cpu_udertest_test/cpu_udertest.runs/impl_1/runme.log
exit
INFO: [Common 17-206] Exiting Vivado at Tue Feb 28 12:45:28 2023...
