#-----------------------------------------------------------
# Vivado v2019.1 (64-bit)
# SW Build 2552052 on Fri May 24 14:49:42 MDT 2019
# IP Build 2548770 on Fri May 24 18:01:18 MDT 2019
# Start of session at: Tue Feb 28 09:06:00 2023
# Process ID: 16412
# Current directory: C:/Users/lokes/OneDrive/Documents/cpu_undertest_with_vga-20230228T033048Z-001/cpu_undertest_with_vga/cpu_udertest_test
# Command line: vivado.exe -gui_launcher_event rodinguilauncherevent10128 C:\Users\lokes\OneDrive\Documents\cpu_undertest_with_vga-20230228T033048Z-001\cpu_undertest_with_vga\cpu_udertest_test\cpu_udertest.xpr
# Log file: C:/Users/lokes/OneDrive/Documents/cpu_undertest_with_vga-20230228T033048Z-001/cpu_undertest_with_vga/cpu_udertest_test/vivado.log
# Journal file: C:/Users/lokes/OneDrive/Documents/cpu_undertest_with_vga-20230228T033048Z-001/cpu_undertest_with_vga/cpu_udertest_test\vivado.jou
#-----------------------------------------------------------
start_gui
open_project C:/Users/lokes/OneDrive/Documents/cpu_undertest_with_vga-20230228T033048Z-001/cpu_undertest_with_vga/cpu_udertest_test/cpu_udertest.xpr
INFO: [ProjectBase 1-489] The host OS only allows 260 characters in a normal path. The project is stored in a path with more than 80 characters. If you experience issues with IP, Block Designs, or files not being found, please consider moving the project to a location with a shorter path. Alternately consider using the OS subst command to map part of the path to a drive letter.
Current project path is 'C:/Users/lokes/OneDrive/Documents/cpu_undertest_with_vga-20230228T033048Z-001/cpu_undertest_with_vga/cpu_udertest_test'
INFO: [Project 1-313] Project file moved from 'C:/Users/lokes/OneDrive/Pictures/cpu_udertest_test' since last save.
WARNING: [Project 1-312] File not found as 'C:/Users/lokes/OneDrive/Documents/Videos/VLSI/F0ZMJ77IJSV3B4A/text_display/text_display.srcs/sources_1/new/ascii_rom.v'; using path 'C:/Users/lokes/Videos/VLSI/F0ZMJ77IJSV3B4A/text_display/text_display.srcs/sources_1/new/ascii_rom.v' instead.
WARNING: [Project 1-312] File not found as 'C:/Users/lokes/OneDrive/Documents/Videos/VLSI/F0ZMJ77IJSV3B4A/text_display/text_display.srcs/sources_1/new/ascii_test.v'; using path 'C:/Users/lokes/Videos/VLSI/F0ZMJ77IJSV3B4A/text_display/text_display.srcs/sources_1/new/ascii_test.v' instead.
WARNING: [Project 1-312] File not found as 'C:/Users/lokes/OneDrive/Documents/Videos/VLSI/F0ZMJ77IJSV3B4A/text_display/text_display.srcs/sources_1/new/top.v'; using path 'C:/Users/lokes/Videos/VLSI/F0ZMJ77IJSV3B4A/text_display/text_display.srcs/sources_1/new/top.v' instead.
WARNING: [Project 1-312] File not found as 'C:/Users/lokes/OneDrive/Documents/Videos/VLSI/F0ZMJ77IJSV3B4A/text_display/text_display.srcs/sources_1/new/vga_controller.v'; using path 'C:/Users/lokes/Videos/VLSI/F0ZMJ77IJSV3B4A/text_display/text_display.srcs/sources_1/new/vga_controller.v' instead.
Scanning sources...
Finished scanning sources
WARNING: [Project 1-312] File not found as 'C:/Users/lokes/OneDrive/Documents/Videos/VLSI/F0ZMJ77IJSV3B4A/text_display/text_display.srcs/sources_1/new/ascii_rom.v'; using path 'C:/Users/lokes/Videos/VLSI/F0ZMJ77IJSV3B4A/text_display/text_display.srcs/sources_1/new/ascii_rom.v' instead.
WARNING: [Project 1-312] File not found as 'C:/Users/lokes/OneDrive/Documents/Videos/VLSI/F0ZMJ77IJSV3B4A/text_display/text_display.srcs/sources_1/new/ascii_test.v'; using path 'C:/Users/lokes/Videos/VLSI/F0ZMJ77IJSV3B4A/text_display/text_display.srcs/sources_1/new/ascii_test.v' instead.
WARNING: [Project 1-312] File not found as 'C:/Users/lokes/OneDrive/Documents/Videos/VLSI/F0ZMJ77IJSV3B4A/text_display/text_display.srcs/sources_1/new/top.v'; using path 'C:/Users/lokes/Videos/VLSI/F0ZMJ77IJSV3B4A/text_display/text_display.srcs/sources_1/new/top.v' instead.
WARNING: [Project 1-312] File not found as 'C:/Users/lokes/OneDrive/Documents/Videos/VLSI/F0ZMJ77IJSV3B4A/text_display/text_display.srcs/sources_1/new/vga_controller.v'; using path 'C:/Users/lokes/Videos/VLSI/F0ZMJ77IJSV3B4A/text_display/text_display.srcs/sources_1/new/vga_controller.v' instead.
WARNING: [Project 1-312] File not found as 'C:/Users/lokes/OneDrive/Documents/Videos/VLSI/F0ZMJ77IJSV3B4A/text_display/text_display.srcs/sources_1/new/ascii_rom.v'; using path 'C:/Users/lokes/Videos/VLSI/F0ZMJ77IJSV3B4A/text_display/text_display.srcs/sources_1/new/ascii_rom.v' instead.
WARNING: [Project 1-312] File not found as 'C:/Users/lokes/OneDrive/Documents/Videos/VLSI/F0ZMJ77IJSV3B4A/text_display/text_display.srcs/sources_1/new/ascii_test.v'; using path 'C:/Users/lokes/Videos/VLSI/F0ZMJ77IJSV3B4A/text_display/text_display.srcs/sources_1/new/ascii_test.v' instead.
WARNING: [Project 1-312] File not found as 'C:/Users/lokes/OneDrive/Documents/Videos/VLSI/F0ZMJ77IJSV3B4A/text_display/text_display.srcs/sources_1/new/top.v'; using path 'C:/Users/lokes/Videos/VLSI/F0ZMJ77IJSV3B4A/text_display/text_display.srcs/sources_1/new/top.v' instead.
WARNING: [Project 1-312] File not found as 'C:/Users/lokes/OneDrive/Documents/Videos/VLSI/F0ZMJ77IJSV3B4A/text_display/text_display.srcs/sources_1/new/vga_controller.v'; using path 'C:/Users/lokes/Videos/VLSI/F0ZMJ77IJSV3B4A/text_display/text_display.srcs/sources_1/new/vga_controller.v' instead.
INFO: [IP_Flow 19-234] Refreshing IP repositories
INFO: [IP_Flow 19-1704] No user IP repositories specified
INFO: [IP_Flow 19-2313] Loaded Vivado IP repository 'C:/Xilinx/Vivado/2019.1/data/ip'.
open_project: Time (s): cpu = 00:00:05 ; elapsed = 00:00:09 . Memory (MB): peak = 871.055 ; gain = 162.555
update_compile_order -fileset sources_1
synth_design -rtl -name rtl_1
Command: synth_design -rtl -name rtl_1
Starting synth_design
Using part: xc7a100tcsg324-1
Top: topmodule
INFO: [Device 21-403] Loading part xc7a100tcsg324-1
---------------------------------------------------------------------------------
Starting RTL Elaboration : Time (s): cpu = 00:00:02 ; elapsed = 00:00:02 . Memory (MB): peak = 1404.715 ; gain = 173.828
---------------------------------------------------------------------------------
INFO: [Synth 8-6157] synthesizing module 'topmodule' [C:/Users/lokes/OneDrive/Documents/cpu_undertest_with_vga-20230228T033048Z-001/cpu_undertest_with_vga/cpu_udertest_test/cpu_udertest.srcs/sources_1/new/topmodule.v:1]
INFO: [Synth 8-6157] synthesizing module 'keyboard_seq' [C:/Users/lokes/OneDrive/Documents/cpu_undertest_with_vga-20230228T033048Z-001/cpu_undertest_with_vga/cpu_udertest_test/cpu_udertest.srcs/sources_1/new/keyboard_seq.v:26]
INFO: [Synth 8-6157] synthesizing module 'PS2Receiver' [C:/Users/lokes/OneDrive/Documents/cpu_undertest_with_vga-20230228T033048Z-001/cpu_undertest_with_vga/cpu_udertest_test/cpu_udertest.srcs/sources_1/new/PS2Receiver.v:23]
INFO: [Synth 8-6157] synthesizing module 'debouncer' [C:/Users/lokes/OneDrive/Documents/cpu_undertest_with_vga-20230228T033048Z-001/cpu_undertest_with_vga/cpu_udertest_test/cpu_udertest.srcs/sources_1/new/debouncer.v:23]
INFO: [Synth 8-6155] done synthesizing module 'debouncer' (1#1) [C:/Users/lokes/OneDrive/Documents/cpu_undertest_with_vga-20230228T033048Z-001/cpu_undertest_with_vga/cpu_udertest_test/cpu_udertest.srcs/sources_1/new/debouncer.v:23]
INFO: [Synth 8-155] case statement is not full and has no default [C:/Users/lokes/OneDrive/Documents/cpu_undertest_with_vga-20230228T033048Z-001/cpu_undertest_with_vga/cpu_udertest_test/cpu_udertest.srcs/sources_1/new/PS2Receiver.v:53]
INFO: [Synth 8-6155] done synthesizing module 'PS2Receiver' (2#1) [C:/Users/lokes/OneDrive/Documents/cpu_undertest_with_vga-20230228T033048Z-001/cpu_undertest_with_vga/cpu_udertest_test/cpu_udertest.srcs/sources_1/new/PS2Receiver.v:23]
INFO: [Synth 8-6157] synthesizing module 'sequence_detect' [C:/Users/lokes/OneDrive/Documents/cpu_undertest_with_vga-20230228T033048Z-001/cpu_undertest_with_vga/cpu_udertest_test/cpu_udertest.srcs/sources_1/new/sequence_detect.v:23]
	Parameter s0 bound to: 5'b00000 
	Parameter s1 bound to: 5'b00001 
	Parameter s2 bound to: 5'b00010 
	Parameter s3 bound to: 5'b00011 
	Parameter s4 bound to: 5'b00100 
	Parameter s5 bound to: 5'b00101 
	Parameter s6 bound to: 5'b00110 
	Parameter s7 bound to: 5'b00111 
	Parameter s8 bound to: 5'b01000 
	Parameter s9 bound to: 5'b01001 
	Parameter s10 bound to: 5'b01010 
	Parameter s11 bound to: 5'b01011 
	Parameter s12 bound to: 5'b01100 
	Parameter s13 bound to: 5'b01101 
	Parameter s14 bound to: 5'b01110 
	Parameter s15 bound to: 5'b01111 
	Parameter s16 bound to: 5'b10000 
	Parameter s17 bound to: 5'b10001 
	Parameter s18 bound to: 5'b10010 
	Parameter s19 bound to: 5'b10011 
	Parameter s20 bound to: 5'b10100 
	Parameter s21 bound to: 5'b10101 
	Parameter s22 bound to: 5'b10110 
	Parameter s23 bound to: 5'b10111 
	Parameter s24 bound to: 5'b11000 
INFO: [Synth 8-251] yes [C:/Users/lokes/OneDrive/Documents/cpu_undertest_with_vga-20230228T033048Z-001/cpu_undertest_with_vga/cpu_udertest_test/cpu_udertest.srcs/sources_1/new/sequence_detect.v:42]
INFO: [Synth 8-155] case statement is not full and has no default [C:/Users/lokes/OneDrive/Documents/cpu_undertest_with_vga-20230228T033048Z-001/cpu_undertest_with_vga/cpu_udertest_test/cpu_udertest.srcs/sources_1/new/sequence_detect.v:44]
INFO: [Synth 8-155] case statement is not full and has no default [C:/Users/lokes/OneDrive/Documents/cpu_undertest_with_vga-20230228T033048Z-001/cpu_undertest_with_vga/cpu_udertest_test/cpu_udertest.srcs/sources_1/new/sequence_detect.v:43]
INFO: [Synth 8-155] case statement is not full and has no default [C:/Users/lokes/OneDrive/Documents/cpu_undertest_with_vga-20230228T033048Z-001/cpu_undertest_with_vga/cpu_udertest_test/cpu_udertest.srcs/sources_1/new/sequence_detect.v:157]
WARNING: [Synth 8-6014] Unused sequential element i_reg was removed.  [C:/Users/lokes/OneDrive/Documents/cpu_undertest_with_vga-20230228T033048Z-001/cpu_undertest_with_vga/cpu_udertest_test/cpu_udertest.srcs/sources_1/new/sequence_detect.v:31]
WARNING: [Synth 8-6014] Unused sequential element clk_d_reg was removed.  [C:/Users/lokes/OneDrive/Documents/cpu_undertest_with_vga-20230228T033048Z-001/cpu_undertest_with_vga/cpu_udertest_test/cpu_udertest.srcs/sources_1/new/sequence_detect.v:35]
INFO: [Synth 8-6155] done synthesizing module 'sequence_detect' (3#1) [C:/Users/lokes/OneDrive/Documents/cpu_undertest_with_vga-20230228T033048Z-001/cpu_undertest_with_vga/cpu_udertest_test/cpu_udertest.srcs/sources_1/new/sequence_detect.v:23]
INFO: [Synth 8-6157] synthesizing module 'ascii2char' [C:/Users/lokes/OneDrive/Documents/cpu_undertest_with_vga-20230228T033048Z-001/cpu_undertest_with_vga/cpu_udertest_test/cpu_udertest.srcs/sources_1/new/ascii2char.v:23]
INFO: [Synth 8-6155] done synthesizing module 'ascii2char' (4#1) [C:/Users/lokes/OneDrive/Documents/cpu_undertest_with_vga-20230228T033048Z-001/cpu_undertest_with_vga/cpu_udertest_test/cpu_udertest.srcs/sources_1/new/ascii2char.v:23]
WARNING: [Synth 8-689] width (4) of port connection 'char' does not match port width (8) of module 'ascii2char' [C:/Users/lokes/OneDrive/Documents/cpu_undertest_with_vga-20230228T033048Z-001/cpu_undertest_with_vga/cpu_udertest_test/cpu_udertest.srcs/sources_1/new/keyboard_seq.v:80]
WARNING: [Synth 8-689] width (4) of port connection 'char' does not match port width (8) of module 'ascii2char' [C:/Users/lokes/OneDrive/Documents/cpu_undertest_with_vga-20230228T033048Z-001/cpu_undertest_with_vga/cpu_udertest_test/cpu_udertest.srcs/sources_1/new/keyboard_seq.v:81]
WARNING: [Synth 8-689] width (4) of port connection 'char' does not match port width (8) of module 'ascii2char' [C:/Users/lokes/OneDrive/Documents/cpu_undertest_with_vga-20230228T033048Z-001/cpu_undertest_with_vga/cpu_udertest_test/cpu_udertest.srcs/sources_1/new/keyboard_seq.v:82]
WARNING: [Synth 8-689] width (4) of port connection 'char' does not match port width (8) of module 'ascii2char' [C:/Users/lokes/OneDrive/Documents/cpu_undertest_with_vga-20230228T033048Z-001/cpu_undertest_with_vga/cpu_udertest_test/cpu_udertest.srcs/sources_1/new/keyboard_seq.v:83]
INFO: [Synth 8-6157] synthesizing module 'scan2ascii' [C:/Users/lokes/OneDrive/Documents/cpu_undertest_with_vga-20230228T033048Z-001/cpu_undertest_with_vga/cpu_udertest_test/cpu_udertest.srcs/sources_1/new/scan2ascii.v:23]
INFO: [Synth 8-6155] done synthesizing module 'scan2ascii' (5#1) [C:/Users/lokes/OneDrive/Documents/cpu_undertest_with_vga-20230228T033048Z-001/cpu_undertest_with_vga/cpu_udertest_test/cpu_udertest.srcs/sources_1/new/scan2ascii.v:23]
INFO: [Synth 8-6157] synthesizing module 'seven' [C:/Users/lokes/OneDrive/Documents/cpu_undertest_with_vga-20230228T033048Z-001/cpu_undertest_with_vga/cpu_udertest_test/cpu_udertest.srcs/sources_1/new/seven.v:23]
	Parameter ZERO bound to: 8'b00000011 
	Parameter ONE bound to: 8'b10011111 
	Parameter TWO bound to: 8'b00100101 
	Parameter THREE bound to: 8'b00001101 
	Parameter FOUR bound to: 8'b10011001 
	Parameter FIVE bound to: 8'b01001001 
	Parameter SIX bound to: 8'b01000001 
	Parameter SEVEN bound to: 8'b00011111 
	Parameter EIGHT bound to: 8'b00000001 
	Parameter NINE bound to: 8'b00001001 
	Parameter A bound to: 8'b00010001 
	Parameter B bound to: 8'b11000001 
	Parameter C bound to: 8'b01100011 
	Parameter D bound to: 8'b10000101 
	Parameter E bound to: 8'b01100001 
	Parameter F bound to: 8'b01110001 
INFO: [Synth 8-6155] done synthesizing module 'seven' (6#1) [C:/Users/lokes/OneDrive/Documents/cpu_undertest_with_vga-20230228T033048Z-001/cpu_undertest_with_vga/cpu_udertest_test/cpu_udertest.srcs/sources_1/new/seven.v:23]
INFO: [Synth 8-6155] done synthesizing module 'keyboard_seq' (7#1) [C:/Users/lokes/OneDrive/Documents/cpu_undertest_with_vga-20230228T033048Z-001/cpu_undertest_with_vga/cpu_udertest_test/cpu_udertest.srcs/sources_1/new/keyboard_seq.v:26]
INFO: [Synth 8-6157] synthesizing module 'Mips' [C:/Users/lokes/OneDrive/Documents/cpu_undertest_with_vga-20230228T033048Z-001/cpu_undertest_with_vga/cpu_udertest_test/cpu_udertest.srcs/sources_1/new/Mips.v:1]
INFO: [Synth 8-6157] synthesizing module 'datapath' [C:/Users/lokes/OneDrive/Documents/cpu_undertest_with_vga-20230228T033048Z-001/cpu_undertest_with_vga/cpu_udertest_test/cpu_udertest.srcs/sources_1/new/datapath.v:1]
INFO: [Synth 8-6157] synthesizing module 'pc' [C:/Users/lokes/OneDrive/Documents/cpu_undertest_with_vga-20230228T033048Z-001/cpu_undertest_with_vga/cpu_udertest_test/cpu_udertest.srcs/sources_1/new/pc.v:1]
INFO: [Synth 8-6155] done synthesizing module 'pc' (8#1) [C:/Users/lokes/OneDrive/Documents/cpu_undertest_with_vga-20230228T033048Z-001/cpu_undertest_with_vga/cpu_udertest_test/cpu_udertest.srcs/sources_1/new/pc.v:1]
INFO: [Synth 8-6157] synthesizing module 'alu' [C:/Users/lokes/OneDrive/Documents/cpu_undertest_with_vga-20230228T033048Z-001/cpu_undertest_with_vga/cpu_udertest_test/cpu_udertest.srcs/sources_1/new/alu.v:1]
INFO: [Synth 8-6155] done synthesizing module 'alu' (9#1) [C:/Users/lokes/OneDrive/Documents/cpu_undertest_with_vga-20230228T033048Z-001/cpu_undertest_with_vga/cpu_udertest_test/cpu_udertest.srcs/sources_1/new/alu.v:1]
INFO: [Synth 8-6157] synthesizing module 'regFile' [C:/Users/lokes/OneDrive/Documents/cpu_undertest_with_vga-20230228T033048Z-001/cpu_undertest_with_vga/cpu_udertest_test/cpu_udertest.srcs/sources_1/new/regFile.v:1]
INFO: [Synth 8-6155] done synthesizing module 'regFile' (10#1) [C:/Users/lokes/OneDrive/Documents/cpu_undertest_with_vga-20230228T033048Z-001/cpu_undertest_with_vga/cpu_udertest_test/cpu_udertest.srcs/sources_1/new/regFile.v:1]
INFO: [Synth 8-6157] synthesizing module 'signExtend' [C:/Users/lokes/OneDrive/Documents/cpu_undertest_with_vga-20230228T033048Z-001/cpu_undertest_with_vga/cpu_udertest_test/cpu_udertest.srcs/sources_1/new/signExtend.v:1]
INFO: [Synth 8-6155] done synthesizing module 'signExtend' (11#1) [C:/Users/lokes/OneDrive/Documents/cpu_undertest_with_vga-20230228T033048Z-001/cpu_undertest_with_vga/cpu_udertest_test/cpu_udertest.srcs/sources_1/new/signExtend.v:1]
INFO: [Synth 8-6157] synthesizing module 'adder' [C:/Users/lokes/OneDrive/Documents/cpu_undertest_with_vga-20230228T033048Z-001/cpu_undertest_with_vga/cpu_udertest_test/cpu_udertest.srcs/sources_1/new/adder.v:1]
INFO: [Synth 8-6155] done synthesizing module 'adder' (12#1) [C:/Users/lokes/OneDrive/Documents/cpu_undertest_with_vga-20230228T033048Z-001/cpu_undertest_with_vga/cpu_udertest_test/cpu_udertest.srcs/sources_1/new/adder.v:1]
INFO: [Synth 8-6157] synthesizing module 'shiftLeft' [C:/Users/lokes/OneDrive/Documents/cpu_undertest_with_vga-20230228T033048Z-001/cpu_undertest_with_vga/cpu_udertest_test/cpu_udertest.srcs/sources_1/new/shiftLeft.v:1]
INFO: [Synth 8-6155] done synthesizing module 'shiftLeft' (13#1) [C:/Users/lokes/OneDrive/Documents/cpu_undertest_with_vga-20230228T033048Z-001/cpu_undertest_with_vga/cpu_udertest_test/cpu_udertest.srcs/sources_1/new/shiftLeft.v:1]
INFO: [Synth 8-6157] synthesizing module 'mux' [C:/Users/lokes/OneDrive/Documents/cpu_undertest_with_vga-20230228T033048Z-001/cpu_undertest_with_vga/cpu_udertest_test/cpu_udertest.srcs/sources_1/new/mux.v:1]
INFO: [Synth 8-6155] done synthesizing module 'mux' (14#1) [C:/Users/lokes/OneDrive/Documents/cpu_undertest_with_vga-20230228T033048Z-001/cpu_undertest_with_vga/cpu_udertest_test/cpu_udertest.srcs/sources_1/new/mux.v:1]
WARNING: [Synth 8-689] width (5) of port connection 'out' does not match port width (32) of module 'mux' [C:/Users/lokes/OneDrive/Documents/cpu_undertest_with_vga-20230228T033048Z-001/cpu_undertest_with_vga/cpu_udertest_test/cpu_udertest.srcs/sources_1/new/datapath.v:106]
INFO: [Synth 8-6155] done synthesizing module 'datapath' (15#1) [C:/Users/lokes/OneDrive/Documents/cpu_undertest_with_vga-20230228T033048Z-001/cpu_undertest_with_vga/cpu_udertest_test/cpu_udertest.srcs/sources_1/new/datapath.v:1]
INFO: [Synth 8-6157] synthesizing module 'control' [C:/Users/lokes/OneDrive/Documents/cpu_undertest_with_vga-20230228T033048Z-001/cpu_undertest_with_vga/cpu_udertest_test/cpu_udertest.srcs/sources_1/new/control.v:1]
INFO: [Synth 8-6155] done synthesizing module 'control' (16#1) [C:/Users/lokes/OneDrive/Documents/cpu_undertest_with_vga-20230228T033048Z-001/cpu_undertest_with_vga/cpu_udertest_test/cpu_udertest.srcs/sources_1/new/control.v:1]
INFO: [Synth 8-6157] synthesizing module 'aluControl' [C:/Users/lokes/OneDrive/Documents/cpu_undertest_with_vga-20230228T033048Z-001/cpu_undertest_with_vga/cpu_udertest_test/cpu_udertest.srcs/sources_1/new/aluControl.v:1]
INFO: [Synth 8-6155] done synthesizing module 'aluControl' (17#1) [C:/Users/lokes/OneDrive/Documents/cpu_undertest_with_vga-20230228T033048Z-001/cpu_undertest_with_vga/cpu_udertest_test/cpu_udertest.srcs/sources_1/new/aluControl.v:1]
INFO: [Synth 8-6155] done synthesizing module 'Mips' (18#1) [C:/Users/lokes/OneDrive/Documents/cpu_undertest_with_vga-20230228T033048Z-001/cpu_undertest_with_vga/cpu_udertest_test/cpu_udertest.srcs/sources_1/new/Mips.v:1]
INFO: [Synth 8-6157] synthesizing module 'top' [C:/Users/lokes/Videos/VLSI/F0ZMJ77IJSV3B4A/text_display/text_display.srcs/sources_1/new/top.v:3]
INFO: [Synth 8-6157] synthesizing module 'vga_controller' [C:/Users/lokes/Videos/VLSI/F0ZMJ77IJSV3B4A/text_display/text_display.srcs/sources_1/new/vga_controller.v:21]
	Parameter HD bound to: 640 - type: integer 
	Parameter HF bound to: 48 - type: integer 
	Parameter HB bound to: 16 - type: integer 
	Parameter HR bound to: 96 - type: integer 
	Parameter HMAX bound to: 799 - type: integer 
	Parameter VD bound to: 480 - type: integer 
	Parameter VF bound to: 10 - type: integer 
	Parameter VB bound to: 33 - type: integer 
	Parameter VR bound to: 2 - type: integer 
	Parameter VMAX bound to: 524 - type: integer 
INFO: [Synth 8-6155] done synthesizing module 'vga_controller' (19#1) [C:/Users/lokes/Videos/VLSI/F0ZMJ77IJSV3B4A/text_display/text_display.srcs/sources_1/new/vga_controller.v:21]
INFO: [Synth 8-6157] synthesizing module 'ascii_test' [C:/Users/lokes/Videos/VLSI/F0ZMJ77IJSV3B4A/text_display/text_display.srcs/sources_1/new/ascii_test.v:9]
INFO: [Synth 8-6157] synthesizing module 'ascii_rom' [C:/Users/lokes/Videos/VLSI/F0ZMJ77IJSV3B4A/text_display/text_display.srcs/sources_1/new/ascii_rom.v:23]
INFO: [Synth 8-5534] Detected attribute (* rom_style = "block" *) [C:/Users/lokes/Videos/VLSI/F0ZMJ77IJSV3B4A/text_display/text_display.srcs/sources_1/new/ascii_rom.v:31]
WARNING: [Synth 8-151] case item 11'b11000111111 is unreachable [C:/Users/lokes/Videos/VLSI/F0ZMJ77IJSV3B4A/text_display/text_display.srcs/sources_1/new/ascii_rom.v:37]
WARNING: [Synth 8-151] case item 11'b11011001010 is unreachable [C:/Users/lokes/Videos/VLSI/F0ZMJ77IJSV3B4A/text_display/text_display.srcs/sources_1/new/ascii_rom.v:37]
INFO: [Synth 8-155] case statement is not full and has no default [C:/Users/lokes/Videos/VLSI/F0ZMJ77IJSV3B4A/text_display/text_display.srcs/sources_1/new/ascii_rom.v:37]
INFO: [Synth 8-6155] done synthesizing module 'ascii_rom' (20#1) [C:/Users/lokes/Videos/VLSI/F0ZMJ77IJSV3B4A/text_display/text_display.srcs/sources_1/new/ascii_rom.v:23]
WARNING: [Synth 8-567] referenced signal 'x' should be on the sensitivity list [C:/Users/lokes/Videos/VLSI/F0ZMJ77IJSV3B4A/text_display/text_display.srcs/sources_1/new/ascii_test.v:41]
WARNING: [Synth 8-567] referenced signal 'y' should be on the sensitivity list [C:/Users/lokes/Videos/VLSI/F0ZMJ77IJSV3B4A/text_display/text_display.srcs/sources_1/new/ascii_test.v:41]
INFO: [Synth 8-6155] done synthesizing module 'ascii_test' (21#1) [C:/Users/lokes/Videos/VLSI/F0ZMJ77IJSV3B4A/text_display/text_display.srcs/sources_1/new/ascii_test.v:9]
INFO: [Synth 8-6155] done synthesizing module 'top' (22#1) [C:/Users/lokes/Videos/VLSI/F0ZMJ77IJSV3B4A/text_display/text_display.srcs/sources_1/new/top.v:3]
WARNING: [Synth 8-689] width (8) of port connection 'print' does not match port width (7) of module 'top' [C:/Users/lokes/OneDrive/Documents/cpu_undertest_with_vga-20230228T033048Z-001/cpu_undertest_with_vga/cpu_udertest_test/cpu_udertest.srcs/sources_1/new/topmodule.v:38]
INFO: [Synth 8-6157] synthesizing module 'instMem' [C:/Users/lokes/OneDrive/Documents/cpu_undertest_with_vga-20230228T033048Z-001/cpu_undertest_with_vga/cpu_udertest_test/cpu_udertest.srcs/sources_1/new/instMem.v:1]
WARNING: [Synth 8-4446] all outputs are unconnected for this instance and logic may be removed [C:/Users/lokes/OneDrive/Documents/cpu_undertest_with_vga-20230228T033048Z-001/cpu_undertest_with_vga/cpu_udertest_test/cpu_udertest.srcs/sources_1/new/instMem.v:13]
INFO: [Synth 8-6157] synthesizing module 'ila_0' [C:/Users/lokes/OneDrive/Documents/cpu_undertest_with_vga-20230228T033048Z-001/cpu_undertest_with_vga/cpu_udertest_test/.Xil/Vivado-16412-LOKESH/realtime/ila_0_stub.v:6]
INFO: [Synth 8-6155] done synthesizing module 'ila_0' (23#1) [C:/Users/lokes/OneDrive/Documents/cpu_undertest_with_vga-20230228T033048Z-001/cpu_undertest_with_vga/cpu_udertest_test/.Xil/Vivado-16412-LOKESH/realtime/ila_0_stub.v:6]
INFO: [Synth 8-251] test value 1 [C:/Users/lokes/OneDrive/Documents/cpu_undertest_with_vga-20230228T033048Z-001/cpu_undertest_with_vga/cpu_udertest_test/cpu_udertest.srcs/sources_1/new/instMem.v:43]
INFO: [Synth 8-155] case statement is not full and has no default [C:/Users/lokes/OneDrive/Documents/cpu_undertest_with_vga-20230228T033048Z-001/cpu_undertest_with_vga/cpu_udertest_test/cpu_udertest.srcs/sources_1/new/instMem.v:41]
INFO: [Synth 8-251] test value 2 [C:/Users/lokes/OneDrive/Documents/cpu_undertest_with_vga-20230228T033048Z-001/cpu_undertest_with_vga/cpu_udertest_test/cpu_udertest.srcs/sources_1/new/instMem.v:124]
WARNING: [Synth 8-567] referenced signal 'char_op1' should be on the sensitivity list [C:/Users/lokes/OneDrive/Documents/cpu_undertest_with_vga-20230228T033048Z-001/cpu_undertest_with_vga/cpu_udertest_test/cpu_udertest.srcs/sources_1/new/instMem.v:29]
WARNING: [Synth 8-567] referenced signal 'char_op2' should be on the sensitivity list [C:/Users/lokes/OneDrive/Documents/cpu_undertest_with_vga-20230228T033048Z-001/cpu_undertest_with_vga/cpu_udertest_test/cpu_udertest.srcs/sources_1/new/instMem.v:29]
INFO: [Synth 8-6071] Mark debug on the nets applies keep_hierarchy on instance 'your_instance_name'. This will prevent further optimization [C:/Users/lokes/OneDrive/Documents/cpu_undertest_with_vga-20230228T033048Z-001/cpu_undertest_with_vga/cpu_udertest_test/cpu_udertest.srcs/sources_1/new/instMem.v:13]
WARNING: [Synth 8-3848] Net rom[21] in module/entity instMem does not have driver. [C:/Users/lokes/OneDrive/Documents/cpu_undertest_with_vga-20230228T033048Z-001/cpu_undertest_with_vga/cpu_udertest_test/cpu_udertest.srcs/sources_1/new/instMem.v:9]
WARNING: [Synth 8-3848] Net rom[22] in module/entity instMem does not have driver. [C:/Users/lokes/OneDrive/Documents/cpu_undertest_with_vga-20230228T033048Z-001/cpu_undertest_with_vga/cpu_udertest_test/cpu_udertest.srcs/sources_1/new/instMem.v:9]
WARNING: [Synth 8-3848] Net rom[23] in module/entity instMem does not have driver. [C:/Users/lokes/OneDrive/Documents/cpu_undertest_with_vga-20230228T033048Z-001/cpu_undertest_with_vga/cpu_udertest_test/cpu_udertest.srcs/sources_1/new/instMem.v:9]
WARNING: [Synth 8-3848] Net rom[24] in module/entity instMem does not have driver. [C:/Users/lokes/OneDrive/Documents/cpu_undertest_with_vga-20230228T033048Z-001/cpu_undertest_with_vga/cpu_udertest_test/cpu_udertest.srcs/sources_1/new/instMem.v:9]
WARNING: [Synth 8-3848] Net rom[25] in module/entity instMem does not have driver. [C:/Users/lokes/OneDrive/Documents/cpu_undertest_with_vga-20230228T033048Z-001/cpu_undertest_with_vga/cpu_udertest_test/cpu_udertest.srcs/sources_1/new/instMem.v:9]
WARNING: [Synth 8-3848] Net rom[26] in module/entity instMem does not have driver. [C:/Users/lokes/OneDrive/Documents/cpu_undertest_with_vga-20230228T033048Z-001/cpu_undertest_with_vga/cpu_udertest_test/cpu_udertest.srcs/sources_1/new/instMem.v:9]
WARNING: [Synth 8-3848] Net rom[27] in module/entity instMem does not have driver. [C:/Users/lokes/OneDrive/Documents/cpu_undertest_with_vga-20230228T033048Z-001/cpu_undertest_with_vga/cpu_udertest_test/cpu_udertest.srcs/sources_1/new/instMem.v:9]
WARNING: [Synth 8-3848] Net rom[28] in module/entity instMem does not have driver. [C:/Users/lokes/OneDrive/Documents/cpu_undertest_with_vga-20230228T033048Z-001/cpu_undertest_with_vga/cpu_udertest_test/cpu_udertest.srcs/sources_1/new/instMem.v:9]
WARNING: [Synth 8-3848] Net rom[29] in module/entity instMem does not have driver. [C:/Users/lokes/OneDrive/Documents/cpu_undertest_with_vga-20230228T033048Z-001/cpu_undertest_with_vga/cpu_udertest_test/cpu_udertest.srcs/sources_1/new/instMem.v:9]
WARNING: [Synth 8-3848] Net rom[30] in module/entity instMem does not have driver. [C:/Users/lokes/OneDrive/Documents/cpu_undertest_with_vga-20230228T033048Z-001/cpu_undertest_with_vga/cpu_udertest_test/cpu_udertest.srcs/sources_1/new/instMem.v:9]
WARNING: [Synth 8-3848] Net rom[31] in module/entity instMem does not have driver. [C:/Users/lokes/OneDrive/Documents/cpu_undertest_with_vga-20230228T033048Z-001/cpu_undertest_with_vga/cpu_udertest_test/cpu_udertest.srcs/sources_1/new/instMem.v:9]
WARNING: [Synth 8-3848] Net rom[32] in module/entity instMem does not have driver. [C:/Users/lokes/OneDrive/Documents/cpu_undertest_with_vga-20230228T033048Z-001/cpu_undertest_with_vga/cpu_udertest_test/cpu_udertest.srcs/sources_1/new/instMem.v:9]
WARNING: [Synth 8-3848] Net rom[33] in module/entity instMem does not have driver. [C:/Users/lokes/OneDrive/Documents/cpu_undertest_with_vga-20230228T033048Z-001/cpu_undertest_with_vga/cpu_udertest_test/cpu_udertest.srcs/sources_1/new/instMem.v:9]
WARNING: [Synth 8-3848] Net rom[34] in module/entity instMem does not have driver. [C:/Users/lokes/OneDrive/Documents/cpu_undertest_with_vga-20230228T033048Z-001/cpu_undertest_with_vga/cpu_udertest_test/cpu_udertest.srcs/sources_1/new/instMem.v:9]
WARNING: [Synth 8-3848] Net rom[35] in module/entity instMem does not have driver. [C:/Users/lokes/OneDrive/Documents/cpu_undertest_with_vga-20230228T033048Z-001/cpu_undertest_with_vga/cpu_udertest_test/cpu_udertest.srcs/sources_1/new/instMem.v:9]
WARNING: [Synth 8-3848] Net rom[36] in module/entity instMem does not have driver. [C:/Users/lokes/OneDrive/Documents/cpu_undertest_with_vga-20230228T033048Z-001/cpu_undertest_with_vga/cpu_udertest_test/cpu_udertest.srcs/sources_1/new/instMem.v:9]
WARNING: [Synth 8-3848] Net rom[37] in module/entity instMem does not have driver. [C:/Users/lokes/OneDrive/Documents/cpu_undertest_with_vga-20230228T033048Z-001/cpu_undertest_with_vga/cpu_udertest_test/cpu_udertest.srcs/sources_1/new/instMem.v:9]
WARNING: [Synth 8-3848] Net rom[38] in module/entity instMem does not have driver. [C:/Users/lokes/OneDrive/Documents/cpu_undertest_with_vga-20230228T033048Z-001/cpu_undertest_with_vga/cpu_udertest_test/cpu_udertest.srcs/sources_1/new/instMem.v:9]
WARNING: [Synth 8-3848] Net rom[39] in module/entity instMem does not have driver. [C:/Users/lokes/OneDrive/Documents/cpu_undertest_with_vga-20230228T033048Z-001/cpu_undertest_with_vga/cpu_udertest_test/cpu_udertest.srcs/sources_1/new/instMem.v:9]
WARNING: [Synth 8-3848] Net rom[40] in module/entity instMem does not have driver. [C:/Users/lokes/OneDrive/Documents/cpu_undertest_with_vga-20230228T033048Z-001/cpu_undertest_with_vga/cpu_udertest_test/cpu_udertest.srcs/sources_1/new/instMem.v:9]
WARNING: [Synth 8-3848] Net rom[41] in module/entity instMem does not have driver. [C:/Users/lokes/OneDrive/Documents/cpu_undertest_with_vga-20230228T033048Z-001/cpu_undertest_with_vga/cpu_udertest_test/cpu_udertest.srcs/sources_1/new/instMem.v:9]
WARNING: [Synth 8-3848] Net rom[42] in module/entity instMem does not have driver. [C:/Users/lokes/OneDrive/Documents/cpu_undertest_with_vga-20230228T033048Z-001/cpu_undertest_with_vga/cpu_udertest_test/cpu_udertest.srcs/sources_1/new/instMem.v:9]
WARNING: [Synth 8-3848] Net rom[43] in module/entity instMem does not have driver. [C:/Users/lokes/OneDrive/Documents/cpu_undertest_with_vga-20230228T033048Z-001/cpu_undertest_with_vga/cpu_udertest_test/cpu_udertest.srcs/sources_1/new/instMem.v:9]
WARNING: [Synth 8-3848] Net rom[44] in module/entity instMem does not have driver. [C:/Users/lokes/OneDrive/Documents/cpu_undertest_with_vga-20230228T033048Z-001/cpu_undertest_with_vga/cpu_udertest_test/cpu_udertest.srcs/sources_1/new/instMem.v:9]
WARNING: [Synth 8-3848] Net rom[45] in module/entity instMem does not have driver. [C:/Users/lokes/OneDrive/Documents/cpu_undertest_with_vga-20230228T033048Z-001/cpu_undertest_with_vga/cpu_udertest_test/cpu_udertest.srcs/sources_1/new/instMem.v:9]
WARNING: [Synth 8-3848] Net rom[46] in module/entity instMem does not have driver. [C:/Users/lokes/OneDrive/Documents/cpu_undertest_with_vga-20230228T033048Z-001/cpu_undertest_with_vga/cpu_udertest_test/cpu_udertest.srcs/sources_1/new/instMem.v:9]
WARNING: [Synth 8-3848] Net rom[47] in module/entity instMem does not have driver. [C:/Users/lokes/OneDrive/Documents/cpu_undertest_with_vga-20230228T033048Z-001/cpu_undertest_with_vga/cpu_udertest_test/cpu_udertest.srcs/sources_1/new/instMem.v:9]
WARNING: [Synth 8-3848] Net rom[48] in module/entity instMem does not have driver. [C:/Users/lokes/OneDrive/Documents/cpu_undertest_with_vga-20230228T033048Z-001/cpu_undertest_with_vga/cpu_udertest_test/cpu_udertest.srcs/sources_1/new/instMem.v:9]
WARNING: [Synth 8-3848] Net rom[49] in module/entity instMem does not have driver. [C:/Users/lokes/OneDrive/Documents/cpu_undertest_with_vga-20230228T033048Z-001/cpu_undertest_with_vga/cpu_udertest_test/cpu_udertest.srcs/sources_1/new/instMem.v:9]
WARNING: [Synth 8-3848] Net rom[50] in module/entity instMem does not have driver. [C:/Users/lokes/OneDrive/Documents/cpu_undertest_with_vga-20230228T033048Z-001/cpu_undertest_with_vga/cpu_udertest_test/cpu_udertest.srcs/sources_1/new/instMem.v:9]
WARNING: [Synth 8-3848] Net rom[51] in module/entity instMem does not have driver. [C:/Users/lokes/OneDrive/Documents/cpu_undertest_with_vga-20230228T033048Z-001/cpu_undertest_with_vga/cpu_udertest_test/cpu_udertest.srcs/sources_1/new/instMem.v:9]
WARNING: [Synth 8-3848] Net rom[52] in module/entity instMem does not have driver. [C:/Users/lokes/OneDrive/Documents/cpu_undertest_with_vga-20230228T033048Z-001/cpu_undertest_with_vga/cpu_udertest_test/cpu_udertest.srcs/sources_1/new/instMem.v:9]
WARNING: [Synth 8-3848] Net rom[53] in module/entity instMem does not have driver. [C:/Users/lokes/OneDrive/Documents/cpu_undertest_with_vga-20230228T033048Z-001/cpu_undertest_with_vga/cpu_udertest_test/cpu_udertest.srcs/sources_1/new/instMem.v:9]
WARNING: [Synth 8-3848] Net rom[54] in module/entity instMem does not have driver. [C:/Users/lokes/OneDrive/Documents/cpu_undertest_with_vga-20230228T033048Z-001/cpu_undertest_with_vga/cpu_udertest_test/cpu_udertest.srcs/sources_1/new/instMem.v:9]
WARNING: [Synth 8-3848] Net rom[55] in module/entity instMem does not have driver. [C:/Users/lokes/OneDrive/Documents/cpu_undertest_with_vga-20230228T033048Z-001/cpu_undertest_with_vga/cpu_udertest_test/cpu_udertest.srcs/sources_1/new/instMem.v:9]
WARNING: [Synth 8-3848] Net rom[56] in module/entity instMem does not have driver. [C:/Users/lokes/OneDrive/Documents/cpu_undertest_with_vga-20230228T033048Z-001/cpu_undertest_with_vga/cpu_udertest_test/cpu_udertest.srcs/sources_1/new/instMem.v:9]
WARNING: [Synth 8-3848] Net rom[57] in module/entity instMem does not have driver. [C:/Users/lokes/OneDrive/Documents/cpu_undertest_with_vga-20230228T033048Z-001/cpu_undertest_with_vga/cpu_udertest_test/cpu_udertest.srcs/sources_1/new/instMem.v:9]
WARNING: [Synth 8-3848] Net rom[58] in module/entity instMem does not have driver. [C:/Users/lokes/OneDrive/Documents/cpu_undertest_with_vga-20230228T033048Z-001/cpu_undertest_with_vga/cpu_udertest_test/cpu_udertest.srcs/sources_1/new/instMem.v:9]
WARNING: [Synth 8-3848] Net rom[59] in module/entity instMem does not have driver. [C:/Users/lokes/OneDrive/Documents/cpu_undertest_with_vga-20230228T033048Z-001/cpu_undertest_with_vga/cpu_udertest_test/cpu_udertest.srcs/sources_1/new/instMem.v:9]
WARNING: [Synth 8-3848] Net rom[60] in module/entity instMem does not have driver. [C:/Users/lokes/OneDrive/Documents/cpu_undertest_with_vga-20230228T033048Z-001/cpu_undertest_with_vga/cpu_udertest_test/cpu_udertest.srcs/sources_1/new/instMem.v:9]
WARNING: [Synth 8-3848] Net rom[61] in module/entity instMem does not have driver. [C:/Users/lokes/OneDrive/Documents/cpu_undertest_with_vga-20230228T033048Z-001/cpu_undertest_with_vga/cpu_udertest_test/cpu_udertest.srcs/sources_1/new/instMem.v:9]
WARNING: [Synth 8-3848] Net rom[62] in module/entity instMem does not have driver. [C:/Users/lokes/OneDrive/Documents/cpu_undertest_with_vga-20230228T033048Z-001/cpu_undertest_with_vga/cpu_udertest_test/cpu_udertest.srcs/sources_1/new/instMem.v:9]
WARNING: [Synth 8-3848] Net rom[63] in module/entity instMem does not have driver. [C:/Users/lokes/OneDrive/Documents/cpu_undertest_with_vga-20230228T033048Z-001/cpu_undertest_with_vga/cpu_udertest_test/cpu_udertest.srcs/sources_1/new/instMem.v:9]
WARNING: [Synth 8-3848] Net rom[64] in module/entity instMem does not have driver. [C:/Users/lokes/OneDrive/Documents/cpu_undertest_with_vga-20230228T033048Z-001/cpu_undertest_with_vga/cpu_udertest_test/cpu_udertest.srcs/sources_1/new/instMem.v:9]
WARNING: [Synth 8-3848] Net rom[65] in module/entity instMem does not have driver. [C:/Users/lokes/OneDrive/Documents/cpu_undertest_with_vga-20230228T033048Z-001/cpu_undertest_with_vga/cpu_udertest_test/cpu_udertest.srcs/sources_1/new/instMem.v:9]
WARNING: [Synth 8-3848] Net rom[66] in module/entity instMem does not have driver. [C:/Users/lokes/OneDrive/Documents/cpu_undertest_with_vga-20230228T033048Z-001/cpu_undertest_with_vga/cpu_udertest_test/cpu_udertest.srcs/sources_1/new/instMem.v:9]
WARNING: [Synth 8-3848] Net rom[67] in module/entity instMem does not have driver. [C:/Users/lokes/OneDrive/Documents/cpu_undertest_with_vga-20230228T033048Z-001/cpu_undertest_with_vga/cpu_udertest_test/cpu_udertest.srcs/sources_1/new/instMem.v:9]
WARNING: [Synth 8-3848] Net rom[68] in module/entity instMem does not have driver. [C:/Users/lokes/OneDrive/Documents/cpu_undertest_with_vga-20230228T033048Z-001/cpu_undertest_with_vga/cpu_udertest_test/cpu_udertest.srcs/sources_1/new/instMem.v:9]
WARNING: [Synth 8-3848] Net rom[69] in module/entity instMem does not have driver. [C:/Users/lokes/OneDrive/Documents/cpu_undertest_with_vga-20230228T033048Z-001/cpu_undertest_with_vga/cpu_udertest_test/cpu_udertest.srcs/sources_1/new/instMem.v:9]
WARNING: [Synth 8-3848] Net rom[70] in module/entity instMem does not have driver. [C:/Users/lokes/OneDrive/Documents/cpu_undertest_with_vga-20230228T033048Z-001/cpu_undertest_with_vga/cpu_udertest_test/cpu_udertest.srcs/sources_1/new/instMem.v:9]
WARNING: [Synth 8-3848] Net rom[71] in module/entity instMem does not have driver. [C:/Users/lokes/OneDrive/Documents/cpu_undertest_with_vga-20230228T033048Z-001/cpu_undertest_with_vga/cpu_udertest_test/cpu_udertest.srcs/sources_1/new/instMem.v:9]
WARNING: [Synth 8-3848] Net rom[72] in module/entity instMem does not have driver. [C:/Users/lokes/OneDrive/Documents/cpu_undertest_with_vga-20230228T033048Z-001/cpu_undertest_with_vga/cpu_udertest_test/cpu_udertest.srcs/sources_1/new/instMem.v:9]
WARNING: [Synth 8-3848] Net rom[73] in module/entity instMem does not have driver. [C:/Users/lokes/OneDrive/Documents/cpu_undertest_with_vga-20230228T033048Z-001/cpu_undertest_with_vga/cpu_udertest_test/cpu_udertest.srcs/sources_1/new/instMem.v:9]
WARNING: [Synth 8-3848] Net rom[74] in module/entity instMem does not have driver. [C:/Users/lokes/OneDrive/Documents/cpu_undertest_with_vga-20230228T033048Z-001/cpu_undertest_with_vga/cpu_udertest_test/cpu_udertest.srcs/sources_1/new/instMem.v:9]
WARNING: [Synth 8-3848] Net rom[75] in module/entity instMem does not have driver. [C:/Users/lokes/OneDrive/Documents/cpu_undertest_with_vga-20230228T033048Z-001/cpu_undertest_with_vga/cpu_udertest_test/cpu_udertest.srcs/sources_1/new/instMem.v:9]
WARNING: [Synth 8-3848] Net rom[76] in module/entity instMem does not have driver. [C:/Users/lokes/OneDrive/Documents/cpu_undertest_with_vga-20230228T033048Z-001/cpu_undertest_with_vga/cpu_udertest_test/cpu_udertest.srcs/sources_1/new/instMem.v:9]
WARNING: [Synth 8-3848] Net rom[77] in module/entity instMem does not have driver. [C:/Users/lokes/OneDrive/Documents/cpu_undertest_with_vga-20230228T033048Z-001/cpu_undertest_with_vga/cpu_udertest_test/cpu_udertest.srcs/sources_1/new/instMem.v:9]
WARNING: [Synth 8-3848] Net rom[78] in module/entity instMem does not have driver. [C:/Users/lokes/OneDrive/Documents/cpu_undertest_with_vga-20230228T033048Z-001/cpu_undertest_with_vga/cpu_udertest_test/cpu_udertest.srcs/sources_1/new/instMem.v:9]
WARNING: [Synth 8-3848] Net rom[79] in module/entity instMem does not have driver. [C:/Users/lokes/OneDrive/Documents/cpu_undertest_with_vga-20230228T033048Z-001/cpu_undertest_with_vga/cpu_udertest_test/cpu_udertest.srcs/sources_1/new/instMem.v:9]
WARNING: [Synth 8-3848] Net rom[80] in module/entity instMem does not have driver. [C:/Users/lokes/OneDrive/Documents/cpu_undertest_with_vga-20230228T033048Z-001/cpu_undertest_with_vga/cpu_udertest_test/cpu_udertest.srcs/sources_1/new/instMem.v:9]
WARNING: [Synth 8-3848] Net rom[81] in module/entity instMem does not have driver. [C:/Users/lokes/OneDrive/Documents/cpu_undertest_with_vga-20230228T033048Z-001/cpu_undertest_with_vga/cpu_udertest_test/cpu_udertest.srcs/sources_1/new/instMem.v:9]
WARNING: [Synth 8-3848] Net rom[82] in module/entity instMem does not have driver. [C:/Users/lokes/OneDrive/Documents/cpu_undertest_with_vga-20230228T033048Z-001/cpu_undertest_with_vga/cpu_udertest_test/cpu_udertest.srcs/sources_1/new/instMem.v:9]
WARNING: [Synth 8-3848] Net rom[83] in module/entity instMem does not have driver. [C:/Users/lokes/OneDrive/Documents/cpu_undertest_with_vga-20230228T033048Z-001/cpu_undertest_with_vga/cpu_udertest_test/cpu_udertest.srcs/sources_1/new/instMem.v:9]
WARNING: [Synth 8-3848] Net rom[84] in module/entity instMem does not have driver. [C:/Users/lokes/OneDrive/Documents/cpu_undertest_with_vga-20230228T033048Z-001/cpu_undertest_with_vga/cpu_udertest_test/cpu_udertest.srcs/sources_1/new/instMem.v:9]
WARNING: [Synth 8-3848] Net rom[85] in module/entity instMem does not have driver. [C:/Users/lokes/OneDrive/Documents/cpu_undertest_with_vga-20230228T033048Z-001/cpu_undertest_with_vga/cpu_udertest_test/cpu_udertest.srcs/sources_1/new/instMem.v:9]
WARNING: [Synth 8-3848] Net rom[86] in module/entity instMem does not have driver. [C:/Users/lokes/OneDrive/Documents/cpu_undertest_with_vga-20230228T033048Z-001/cpu_undertest_with_vga/cpu_udertest_test/cpu_udertest.srcs/sources_1/new/instMem.v:9]
WARNING: [Synth 8-3848] Net rom[87] in module/entity instMem does not have driver. [C:/Users/lokes/OneDrive/Documents/cpu_undertest_with_vga-20230228T033048Z-001/cpu_undertest_with_vga/cpu_udertest_test/cpu_udertest.srcs/sources_1/new/instMem.v:9]
WARNING: [Synth 8-3848] Net rom[88] in module/entity instMem does not have driver. [C:/Users/lokes/OneDrive/Documents/cpu_undertest_with_vga-20230228T033048Z-001/cpu_undertest_with_vga/cpu_udertest_test/cpu_udertest.srcs/sources_1/new/instMem.v:9]
WARNING: [Synth 8-3848] Net rom[89] in module/entity instMem does not have driver. [C:/Users/lokes/OneDrive/Documents/cpu_undertest_with_vga-20230228T033048Z-001/cpu_undertest_with_vga/cpu_udertest_test/cpu_udertest.srcs/sources_1/new/instMem.v:9]
WARNING: [Synth 8-3848] Net rom[90] in module/entity instMem does not have driver. [C:/Users/lokes/OneDrive/Documents/cpu_undertest_with_vga-20230228T033048Z-001/cpu_undertest_with_vga/cpu_udertest_test/cpu_udertest.srcs/sources_1/new/instMem.v:9]
WARNING: [Synth 8-3848] Net rom[91] in module/entity instMem does not have driver. [C:/Users/lokes/OneDrive/Documents/cpu_undertest_with_vga-20230228T033048Z-001/cpu_undertest_with_vga/cpu_udertest_test/cpu_udertest.srcs/sources_1/new/instMem.v:9]
WARNING: [Synth 8-3848] Net rom[92] in module/entity instMem does not have driver. [C:/Users/lokes/OneDrive/Documents/cpu_undertest_with_vga-20230228T033048Z-001/cpu_undertest_with_vga/cpu_udertest_test/cpu_udertest.srcs/sources_1/new/instMem.v:9]
WARNING: [Synth 8-3848] Net rom[93] in module/entity instMem does not have driver. [C:/Users/lokes/OneDrive/Documents/cpu_undertest_with_vga-20230228T033048Z-001/cpu_undertest_with_vga/cpu_udertest_test/cpu_udertest.srcs/sources_1/new/instMem.v:9]
WARNING: [Synth 8-3848] Net rom[94] in module/entity instMem does not have driver. [C:/Users/lokes/OneDrive/Documents/cpu_undertest_with_vga-20230228T033048Z-001/cpu_undertest_with_vga/cpu_udertest_test/cpu_udertest.srcs/sources_1/new/instMem.v:9]
WARNING: [Synth 8-3848] Net rom[95] in module/entity instMem does not have driver. [C:/Users/lokes/OneDrive/Documents/cpu_undertest_with_vga-20230228T033048Z-001/cpu_undertest_with_vga/cpu_udertest_test/cpu_udertest.srcs/sources_1/new/instMem.v:9]
WARNING: [Synth 8-3848] Net rom[96] in module/entity instMem does not have driver. [C:/Users/lokes/OneDrive/Documents/cpu_undertest_with_vga-20230228T033048Z-001/cpu_undertest_with_vga/cpu_udertest_test/cpu_udertest.srcs/sources_1/new/instMem.v:9]
WARNING: [Synth 8-3848] Net rom[97] in module/entity instMem does not have driver. [C:/Users/lokes/OneDrive/Documents/cpu_undertest_with_vga-20230228T033048Z-001/cpu_undertest_with_vga/cpu_udertest_test/cpu_udertest.srcs/sources_1/new/instMem.v:9]
WARNING: [Synth 8-3848] Net rom[98] in module/entity instMem does not have driver. [C:/Users/lokes/OneDrive/Documents/cpu_undertest_with_vga-20230228T033048Z-001/cpu_undertest_with_vga/cpu_udertest_test/cpu_udertest.srcs/sources_1/new/instMem.v:9]
WARNING: [Synth 8-3848] Net rom[99] in module/entity instMem does not have driver. [C:/Users/lokes/OneDrive/Documents/cpu_undertest_with_vga-20230228T033048Z-001/cpu_undertest_with_vga/cpu_udertest_test/cpu_udertest.srcs/sources_1/new/instMem.v:9]
INFO: [Synth 8-6155] done synthesizing module 'instMem' (24#1) [C:/Users/lokes/OneDrive/Documents/cpu_undertest_with_vga-20230228T033048Z-001/cpu_undertest_with_vga/cpu_udertest_test/cpu_udertest.srcs/sources_1/new/instMem.v:1]
INFO: [Synth 8-6157] synthesizing module 'dataMem' [C:/Users/lokes/OneDrive/Documents/cpu_undertest_with_vga-20230228T033048Z-001/cpu_undertest_with_vga/cpu_udertest_test/cpu_udertest.srcs/sources_1/new/dataMem.v:1]
INFO: [Synth 8-6155] done synthesizing module 'dataMem' (25#1) [C:/Users/lokes/OneDrive/Documents/cpu_undertest_with_vga-20230228T033048Z-001/cpu_undertest_with_vga/cpu_udertest_test/cpu_udertest.srcs/sources_1/new/dataMem.v:1]
INFO: [Synth 8-6155] done synthesizing module 'topmodule' (26#1) [C:/Users/lokes/OneDrive/Documents/cpu_undertest_with_vga-20230228T033048Z-001/cpu_undertest_with_vga/cpu_udertest_test/cpu_udertest.srcs/sources_1/new/topmodule.v:1]
---------------------------------------------------------------------------------
Finished RTL Elaboration : Time (s): cpu = 00:00:02 ; elapsed = 00:00:03 . Memory (MB): peak = 1472.621 ; gain = 241.734
---------------------------------------------------------------------------------

Report Check Netlist: 
+------+------------------+-------+---------+-------+------------------+
|      |Item              |Errors |Warnings |Status |Description       |
+------+------------------+-------+---------+-------+------------------+
|1     |multi_driven_nets |      0|        0|Passed |Multi driven nets |
+------+------------------+-------+---------+-------+------------------+
---------------------------------------------------------------------------------
Start Handling Custom Attributes
---------------------------------------------------------------------------------
---------------------------------------------------------------------------------
Finished Handling Custom Attributes : Time (s): cpu = 00:00:03 ; elapsed = 00:00:03 . Memory (MB): peak = 1472.621 ; gain = 241.734
---------------------------------------------------------------------------------
---------------------------------------------------------------------------------
Finished RTL Optimization Phase 1 : Time (s): cpu = 00:00:03 ; elapsed = 00:00:03 . Memory (MB): peak = 1472.621 ; gain = 241.734
---------------------------------------------------------------------------------
INFO: [Project 1-454] Reading design checkpoint 'c:/Users/lokes/OneDrive/Documents/cpu_undertest_with_vga-20230228T033048Z-001/cpu_undertest_with_vga/cpu_udertest_test/cpu_udertest.srcs/sources_1/ip/ila_0/ila_0.dcp' for cell 'i1/your_instance_name'
INFO: [Netlist 29-17] Analyzing 65 Unisim elements for replacement
INFO: [Netlist 29-28] Unisim Transformation completed in 0 CPU seconds
INFO: [Project 1-479] Netlist was created with Vivado 2019.1
INFO: [Project 1-570] Preparing netlist for logic optimization
INFO: [Opt 31-140] Inserted 1 IBUFs to IO ports without IO buffers.

Processing XDC Constraints
Initializing timing engine
Parsing XDC File [c:/Users/lokes/OneDrive/Documents/cpu_undertest_with_vga-20230228T033048Z-001/cpu_undertest_with_vga/cpu_udertest_test/cpu_udertest.srcs/sources_1/ip/ila_0/ila_v6_2/constraints/ila.xdc] for cell 'i1/your_instance_name/inst'
Finished Parsing XDC File [c:/Users/lokes/OneDrive/Documents/cpu_undertest_with_vga-20230228T033048Z-001/cpu_undertest_with_vga/cpu_udertest_test/cpu_udertest.srcs/sources_1/ip/ila_0/ila_v6_2/constraints/ila.xdc] for cell 'i1/your_instance_name/inst'
Parsing XDC File [C:/Users/lokes/OneDrive/Documents/cpu_undertest_with_vga-20230228T033048Z-001/cpu_undertest_with_vga/cpu_udertest_test/cpu_udertest.srcs/constrs_1/new/myconst.xdc]
WARNING: [Vivado 12-584] No ports matched 'outp[3]'. [C:/Users/lokes/OneDrive/Documents/cpu_undertest_with_vga-20230228T033048Z-001/cpu_undertest_with_vga/cpu_udertest_test/cpu_udertest.srcs/constrs_1/new/myconst.xdc:89]
WARNING: [Vivado 12-584] No ports matched 'outp[2]'. [C:/Users/lokes/OneDrive/Documents/cpu_undertest_with_vga-20230228T033048Z-001/cpu_undertest_with_vga/cpu_udertest_test/cpu_udertest.srcs/constrs_1/new/myconst.xdc:90]
WARNING: [Vivado 12-584] No ports matched 'outp[1]'. [C:/Users/lokes/OneDrive/Documents/cpu_undertest_with_vga-20230228T033048Z-001/cpu_undertest_with_vga/cpu_udertest_test/cpu_udertest.srcs/constrs_1/new/myconst.xdc:91]
WARNING: [Vivado 12-584] No ports matched 'outp[0]'. [C:/Users/lokes/OneDrive/Documents/cpu_undertest_with_vga-20230228T033048Z-001/cpu_undertest_with_vga/cpu_udertest_test/cpu_udertest.srcs/constrs_1/new/myconst.xdc:92]
WARNING: [Vivado 12-584] No ports matched 'outp[3]'. [C:/Users/lokes/OneDrive/Documents/cpu_undertest_with_vga-20230228T033048Z-001/cpu_undertest_with_vga/cpu_udertest_test/cpu_udertest.srcs/constrs_1/new/myconst.xdc:105]
WARNING: [Vivado 12-584] No ports matched 'outp[2]'. [C:/Users/lokes/OneDrive/Documents/cpu_undertest_with_vga-20230228T033048Z-001/cpu_undertest_with_vga/cpu_udertest_test/cpu_udertest.srcs/constrs_1/new/myconst.xdc:106]
WARNING: [Vivado 12-584] No ports matched 'outp[1]'. [C:/Users/lokes/OneDrive/Documents/cpu_undertest_with_vga-20230228T033048Z-001/cpu_undertest_with_vga/cpu_udertest_test/cpu_udertest.srcs/constrs_1/new/myconst.xdc:107]
WARNING: [Vivado 12-584] No ports matched 'outp[0]'. [C:/Users/lokes/OneDrive/Documents/cpu_undertest_with_vga-20230228T033048Z-001/cpu_undertest_with_vga/cpu_udertest_test/cpu_udertest.srcs/constrs_1/new/myconst.xdc:108]
WARNING: [Vivado 12-584] No ports matched 'ready'. [C:/Users/lokes/OneDrive/Documents/cpu_undertest_with_vga-20230228T033048Z-001/cpu_undertest_with_vga/cpu_udertest_test/cpu_udertest.srcs/constrs_1/new/myconst.xdc:122]
WARNING: [Vivado 12-584] No ports matched 'ready'. [C:/Users/lokes/OneDrive/Documents/cpu_undertest_with_vga-20230228T033048Z-001/cpu_undertest_with_vga/cpu_udertest_test/cpu_udertest.srcs/constrs_1/new/myconst.xdc:123]
Finished Parsing XDC File [C:/Users/lokes/OneDrive/Documents/cpu_undertest_with_vga-20230228T033048Z-001/cpu_undertest_with_vga/cpu_udertest_test/cpu_udertest.srcs/constrs_1/new/myconst.xdc]
WARNING: [Project 1-498] One or more constraints failed evaluation while reading constraint file [C:/Users/lokes/OneDrive/Documents/cpu_undertest_with_vga-20230228T033048Z-001/cpu_undertest_with_vga/cpu_udertest_test/cpu_udertest.srcs/constrs_1/new/myconst.xdc] and the design contains unresolved black boxes. These constraints will be read post-synthesis (as long as their source constraint file is marked as used_in_implementation) and should be applied correctly then. You should review the constraints listed in the file [.Xil/topmodule_propImpl.xdc] and check the run log file to verify that these constraints were correctly applied.
Completed Processing XDC Constraints

INFO: [Opt 31-138] Pushed 0 inverter(s) to 0 load pin(s).
Netlist sorting complete. Time (s): cpu = 00:00:00 ; elapsed = 00:00:00.002 . Memory (MB): peak = 1648.461 ; gain = 0.000
INFO: [Project 1-111] Unisim Transformation Summary:
  A total of 40 instances were transformed.
  CFGLUT5 => CFGLUT5 (SRLC32E, SRL16E): 40 instances

RTL Elaboration Complete:  : Time (s): cpu = 00:00:07 ; elapsed = 00:00:09 . Memory (MB): peak = 1770.977 ; gain = 540.090
72 Infos, 105 Warnings, 0 Critical Warnings and 0 Errors encountered.
synth_design completed successfully
synth_design: Time (s): cpu = 00:00:10 ; elapsed = 00:00:13 . Memory (MB): peak = 1770.977 ; gain = 622.156
reset_run synth_1
launch_runs impl_1 -to_step write_bitstream -jobs 16
[Tue Feb 28 09:20:57 2023] Launched synth_1...
Run output will be captured here: C:/Users/lokes/OneDrive/Documents/cpu_undertest_with_vga-20230228T033048Z-001/cpu_undertest_with_vga/cpu_udertest_test/cpu_udertest.runs/synth_1/runme.log
[Tue Feb 28 09:20:57 2023] Launched impl_1...
Run output will be captured here: C:/Users/lokes/OneDrive/Documents/cpu_undertest_with_vga-20230228T033048Z-001/cpu_undertest_with_vga/cpu_udertest_test/cpu_udertest.runs/impl_1/runme.log
exit
INFO: [Common 17-206] Exiting Vivado at Tue Feb 28 09:25:45 2023...
